Internal Server Error: /yudas/list
Traceback (most recent call last):
  File "C:\Users\beyza.ozkara\ArslanDjango\env\Lib\site-packages\django\db\backends\utils.py", line 89, in _execute
    return self.cursor.execute(sql, params)
           ^^^^^^^^^^^^^^^^^^^^^^^^^^^^^^^^
psycopg2.errors.UndefinedColumn: column ArslanTakipApp_yudaform.Silindi does not exist
LINE 1: ...", "ArslanTakipApp_yudaform"."PaketlemeAciklama", "ArslanTak...
                                                             ^


The above exception was the direct cause of the following exception:

Traceback (most recent call last):
  File "C:\Users\beyza.ozkara\ArslanDjango\env\Lib\site-packages\django\core\handlers\exception.py", line 55, in inner
    response = get_response(request)
               ^^^^^^^^^^^^^^^^^^^^^
  File "C:\Users\beyza.ozkara\ArslanDjango\env\Lib\site-packages\django\core\handlers\base.py", line 197, in _get_response
    response = wrapped_callback(request, *callback_args, **callback_kwargs)
               ^^^^^^^^^^^^^^^^^^^^^^^^^^^^^^^^^^^^^^^^^^^^^^^^^^^^^^^^^^^^
  File "C:\Users\beyza.ozkara\ArslanDjango\env\ArslanProject\ArslanTakipApp\views.py", line 1203, in yudas_list
    yudaList = list(filtered_yudas.values()[offset:limit])
               ^^^^^^^^^^^^^^^^^^^^^^^^^^^^^^^^^^^^^^^^^^^
  File "C:\Users\beyza.ozkara\ArslanDjango\env\Lib\site-packages\django\db\models\query.py", line 398, in __iter__
    self._fetch_all()
  File "C:\Users\beyza.ozkara\ArslanDjango\env\Lib\site-packages\django\db\models\query.py", line 1881, in _fetch_all
    self._result_cache = list(self._iterable_class(self))
                         ^^^^^^^^^^^^^^^^^^^^^^^^^^^^^^^^
  File "C:\Users\beyza.ozkara\ArslanDjango\env\Lib\site-packages\django\db\models\query.py", line 208, in __iter__
    for row in compiler.results_iter(
               ^^^^^^^^^^^^^^^^^^^^^^
  File "C:\Users\beyza.ozkara\ArslanDjango\env\Lib\site-packages\django\db\models\sql\compiler.py", line 1513, in results_iter
    results = self.execute_sql(
              ^^^^^^^^^^^^^^^^^
  File "C:\Users\beyza.ozkara\ArslanDjango\env\Lib\site-packages\django\db\models\sql\compiler.py", line 1562, in execute_sql
    cursor.execute(sql, params)
  File "C:\Users\beyza.ozkara\ArslanDjango\env\Lib\site-packages\django\db\backends\utils.py", line 102, in execute
    return super().execute(sql, params)
           ^^^^^^^^^^^^^^^^^^^^^^^^^^^^
  File "C:\Users\beyza.ozkara\ArslanDjango\env\Lib\site-packages\django\db\backends\utils.py", line 67, in execute
    return self._execute_with_wrappers(
           ^^^^^^^^^^^^^^^^^^^^^^^^^^^^
  File "C:\Users\beyza.ozkara\ArslanDjango\env\Lib\site-packages\django\db\backends\utils.py", line 80, in _execute_with_wrappers
    return executor(sql, params, many, context)
           ^^^^^^^^^^^^^^^^^^^^^^^^^^^^^^^^^^^^
  File "C:\Users\beyza.ozkara\ArslanDjango\env\Lib\site-packages\django\db\backends\utils.py", line 84, in _execute
    with self.db.wrap_database_errors:
  File "C:\Users\beyza.ozkara\ArslanDjango\env\Lib\site-packages\django\db\utils.py", line 91, in __exit__
    raise dj_exc_value.with_traceback(traceback) from exc_value
  File "C:\Users\beyza.ozkara\ArslanDjango\env\Lib\site-packages\django\db\backends\utils.py", line 89, in _execute
    return self.cursor.execute(sql, params)
           ^^^^^^^^^^^^^^^^^^^^^^^^^^^^^^^^
django.db.utils.ProgrammingError: column ArslanTakipApp_yudaform.Silindi does not exist
LINE 1: ...", "ArslanTakipApp_yudaform"."PaketlemeAciklama", "ArslanTak...
                                                             ^

"GET /yudas/list?params=%7B%22page%22%3A1%2C%22size%22%3A7%2C%22filter%22%3A%5B%5D%7D HTTP/1.1" 500 146715
Internal Server Error: /yudas/list
Traceback (most recent call last):
  File "C:\Users\beyza.ozkara\ArslanDjango\env\Lib\site-packages\django\db\backends\utils.py", line 89, in _execute
    return self.cursor.execute(sql, params)
           ^^^^^^^^^^^^^^^^^^^^^^^^^^^^^^^^
psycopg2.errors.UndefinedColumn: column ArslanTakipApp_yudaform.Silindi does not exist
LINE 1: ...", "ArslanTakipApp_yudaform"."PaketlemeAciklama", "ArslanTak...
                                                             ^


The above exception was the direct cause of the following exception:

Traceback (most recent call last):
  File "C:\Users\beyza.ozkara\ArslanDjango\env\Lib\site-packages\django\core\handlers\exception.py", line 55, in inner
    response = get_response(request)
               ^^^^^^^^^^^^^^^^^^^^^
  File "C:\Users\beyza.ozkara\ArslanDjango\env\Lib\site-packages\django\core\handlers\base.py", line 197, in _get_response
    response = wrapped_callback(request, *callback_args, **callback_kwargs)
               ^^^^^^^^^^^^^^^^^^^^^^^^^^^^^^^^^^^^^^^^^^^^^^^^^^^^^^^^^^^^
  File "C:\Users\beyza.ozkara\ArslanDjango\env\ArslanProject\ArslanTakipApp\views.py", line 1203, in yudas_list
    yudaList = list(filtered_yudas.values()[offset:limit])
               ^^^^^^^^^^^^^^^^^^^^^^^^^^^^^^^^^^^^^^^^^^^
  File "C:\Users\beyza.ozkara\ArslanDjango\env\Lib\site-packages\django\db\models\query.py", line 398, in __iter__
    self._fetch_all()
  File "C:\Users\beyza.ozkara\ArslanDjango\env\Lib\site-packages\django\db\models\query.py", line 1881, in _fetch_all
    self._result_cache = list(self._iterable_class(self))
                         ^^^^^^^^^^^^^^^^^^^^^^^^^^^^^^^^
  File "C:\Users\beyza.ozkara\ArslanDjango\env\Lib\site-packages\django\db\models\query.py", line 208, in __iter__
    for row in compiler.results_iter(
               ^^^^^^^^^^^^^^^^^^^^^^
  File "C:\Users\beyza.ozkara\ArslanDjango\env\Lib\site-packages\django\db\models\sql\compiler.py", line 1513, in results_iter
    results = self.execute_sql(
              ^^^^^^^^^^^^^^^^^
  File "C:\Users\beyza.ozkara\ArslanDjango\env\Lib\site-packages\django\db\models\sql\compiler.py", line 1562, in execute_sql
    cursor.execute(sql, params)
  File "C:\Users\beyza.ozkara\ArslanDjango\env\Lib\site-packages\django\db\backends\utils.py", line 102, in execute
    return super().execute(sql, params)
           ^^^^^^^^^^^^^^^^^^^^^^^^^^^^
  File "C:\Users\beyza.ozkara\ArslanDjango\env\Lib\site-packages\django\db\backends\utils.py", line 67, in execute
    return self._execute_with_wrappers(
           ^^^^^^^^^^^^^^^^^^^^^^^^^^^^
  File "C:\Users\beyza.ozkara\ArslanDjango\env\Lib\site-packages\django\db\backends\utils.py", line 80, in _execute_with_wrappers
    return executor(sql, params, many, context)
           ^^^^^^^^^^^^^^^^^^^^^^^^^^^^^^^^^^^^
  File "C:\Users\beyza.ozkara\ArslanDjango\env\Lib\site-packages\django\db\backends\utils.py", line 84, in _execute
    with self.db.wrap_database_errors:
  File "C:\Users\beyza.ozkara\ArslanDjango\env\Lib\site-packages\django\db\utils.py", line 91, in __exit__
    raise dj_exc_value.with_traceback(traceback) from exc_value
  File "C:\Users\beyza.ozkara\ArslanDjango\env\Lib\site-packages\django\db\backends\utils.py", line 89, in _execute
    return self.cursor.execute(sql, params)
           ^^^^^^^^^^^^^^^^^^^^^^^^^^^^^^^^
django.db.utils.ProgrammingError: column ArslanTakipApp_yudaform.Silindi does not exist
LINE 1: ...", "ArslanTakipApp_yudaform"."PaketlemeAciklama", "ArslanTak...
                                                             ^

"GET /yudas/list?params=%7B%22page%22%3A1%2C%22size%22%3A7%2C%22filter%22%3A%5B%5D%7D HTTP/1.1" 500 146715
Internal Server Error: /yudas/list
Traceback (most recent call last):
  File "C:\Users\beyza.ozkara\ArslanDjango\env\Lib\site-packages\django\db\backends\utils.py", line 89, in _execute
    return self.cursor.execute(sql, params)
           ^^^^^^^^^^^^^^^^^^^^^^^^^^^^^^^^
psycopg2.errors.UndefinedColumn: column ArslanTakipApp_yudaform.Silindi does not exist
LINE 1: ...", "ArslanTakipApp_yudaform"."PaketlemeAciklama", "ArslanTak...
                                                             ^


The above exception was the direct cause of the following exception:

Traceback (most recent call last):
  File "C:\Users\beyza.ozkara\ArslanDjango\env\Lib\site-packages\django\core\handlers\exception.py", line 55, in inner
    response = get_response(request)
               ^^^^^^^^^^^^^^^^^^^^^
  File "C:\Users\beyza.ozkara\ArslanDjango\env\Lib\site-packages\django\core\handlers\base.py", line 197, in _get_response
    response = wrapped_callback(request, *callback_args, **callback_kwargs)
               ^^^^^^^^^^^^^^^^^^^^^^^^^^^^^^^^^^^^^^^^^^^^^^^^^^^^^^^^^^^^
  File "C:\Users\beyza.ozkara\ArslanDjango\env\ArslanProject\ArslanTakipApp\views.py", line 1203, in yudas_list
    yudaList = list(filtered_yudas.values()[offset:limit])
               ^^^^^^^^^^^^^^^^^^^^^^^^^^^^^^^^^^^^^^^^^^^
  File "C:\Users\beyza.ozkara\ArslanDjango\env\Lib\site-packages\django\db\models\query.py", line 398, in __iter__
    self._fetch_all()
  File "C:\Users\beyza.ozkara\ArslanDjango\env\Lib\site-packages\django\db\models\query.py", line 1881, in _fetch_all
    self._result_cache = list(self._iterable_class(self))
                         ^^^^^^^^^^^^^^^^^^^^^^^^^^^^^^^^
  File "C:\Users\beyza.ozkara\ArslanDjango\env\Lib\site-packages\django\db\models\query.py", line 208, in __iter__
    for row in compiler.results_iter(
               ^^^^^^^^^^^^^^^^^^^^^^
  File "C:\Users\beyza.ozkara\ArslanDjango\env\Lib\site-packages\django\db\models\sql\compiler.py", line 1513, in results_iter
    results = self.execute_sql(
              ^^^^^^^^^^^^^^^^^
  File "C:\Users\beyza.ozkara\ArslanDjango\env\Lib\site-packages\django\db\models\sql\compiler.py", line 1562, in execute_sql
    cursor.execute(sql, params)
  File "C:\Users\beyza.ozkara\ArslanDjango\env\Lib\site-packages\django\db\backends\utils.py", line 102, in execute
    return super().execute(sql, params)
           ^^^^^^^^^^^^^^^^^^^^^^^^^^^^
  File "C:\Users\beyza.ozkara\ArslanDjango\env\Lib\site-packages\django\db\backends\utils.py", line 67, in execute
    return self._execute_with_wrappers(
           ^^^^^^^^^^^^^^^^^^^^^^^^^^^^
  File "C:\Users\beyza.ozkara\ArslanDjango\env\Lib\site-packages\django\db\backends\utils.py", line 80, in _execute_with_wrappers
    return executor(sql, params, many, context)
           ^^^^^^^^^^^^^^^^^^^^^^^^^^^^^^^^^^^^
  File "C:\Users\beyza.ozkara\ArslanDjango\env\Lib\site-packages\django\db\backends\utils.py", line 84, in _execute
    with self.db.wrap_database_errors:
  File "C:\Users\beyza.ozkara\ArslanDjango\env\Lib\site-packages\django\db\utils.py", line 91, in __exit__
    raise dj_exc_value.with_traceback(traceback) from exc_value
  File "C:\Users\beyza.ozkara\ArslanDjango\env\Lib\site-packages\django\db\backends\utils.py", line 89, in _execute
    return self.cursor.execute(sql, params)
           ^^^^^^^^^^^^^^^^^^^^^^^^^^^^^^^^
django.db.utils.ProgrammingError: column ArslanTakipApp_yudaform.Silindi does not exist
LINE 1: ...", "ArslanTakipApp_yudaform"."PaketlemeAciklama", "ArslanTak...
                                                             ^

"GET /yudas/list?params=%7B%22page%22%3A1%2C%22size%22%3A7%2C%22filter%22%3A%5B%5D%7D HTTP/1.1" 500 146715
Internal Server Error: /yudas/list
Traceback (most recent call last):
  File "C:\Users\beyza.ozkara\ArslanDjango\env\Lib\site-packages\django\core\handlers\exception.py", line 55, in inner
    response = get_response(request)
               ^^^^^^^^^^^^^^^^^^^^^
  File "C:\Users\beyza.ozkara\ArslanDjango\env\Lib\site-packages\django\core\handlers\base.py", line 197, in _get_response
    response = wrapped_callback(request, *callback_args, **callback_kwargs)
               ^^^^^^^^^^^^^^^^^^^^^^^^^^^^^^^^^^^^^^^^^^^^^^^^^^^^^^^^^^^^
  File "C:\Users\beyza.ozkara\ArslanDjango\env\ArslanProject\ArslanTakipApp\views.py", line 1200, in yudas_list
    q = filter_method(i, q)
        ^^^^^^^^^^^^^^^^^^^
  File "C:\Users\beyza.ozkara\ArslanDjango\env\ArslanProject\ArslanTakipApp\views.py", line 792, in filter_method
    if i["type"] == "like":
       ~^^^^^^^^
KeyError: 'type'
"GET /yudas/list?params=%7B%22page%22%3A1%2C%22size%22%3A7%2C%22filter%22%3A%5B%7B%22field%22%3A%22yudaNo%22%2C%22value%22%3A%2224-080%22%7D%2C%7B%22field%22%3A%22musteriFirma%22%2C%22value%22%3A%22%22%7D%5D%7D HTTP/1.1" 500 75911
Internal Server Error: /yudas/list
Traceback (most recent call last):
  File "C:\Users\beyza.ozkara\ArslanDjango\env\Lib\site-packages\django\core\handlers\exception.py", line 55, in inner
    response = get_response(request)
               ^^^^^^^^^^^^^^^^^^^^^
  File "C:\Users\beyza.ozkara\ArslanDjango\env\Lib\site-packages\django\core\handlers\base.py", line 197, in _get_response
    response = wrapped_callback(request, *callback_args, **callback_kwargs)
               ^^^^^^^^^^^^^^^^^^^^^^^^^^^^^^^^^^^^^^^^^^^^^^^^^^^^^^^^^^^^
  File "C:\Users\beyza.ozkara\ArslanDjango\env\ArslanProject\ArslanTakipApp\views.py", line 1201, in yudas_list
    q = filter_method(i, q)
        ^^^^^^^^^^^^^^^^^^^
  File "C:\Users\beyza.ozkara\ArslanDjango\env\ArslanProject\ArslanTakipApp\views.py", line 792, in filter_method
    if i["type"] == "like":
       ~^^^^^^^^
KeyError: 'type'
"GET /yudas/list?params=%7B%22page%22%3A1%2C%22size%22%3A7%2C%22filter%22%3A%5B%7B%22field%22%3A%22yudaNo%22%2C%22value%22%3A%2224-080%22%7D%2C%7B%22field%22%3A%22musteriFirma%22%2C%22value%22%3A%22%22%7D%5D%7D HTTP/1.1" 500 75879
Internal Server Error: /yudas/list
Traceback (most recent call last):
  File "C:\Users\beyza.ozkara\ArslanDjango\env\Lib\site-packages\django\core\handlers\exception.py", line 55, in inner
    response = get_response(request)
               ^^^^^^^^^^^^^^^^^^^^^
  File "C:\Users\beyza.ozkara\ArslanDjango\env\Lib\site-packages\django\core\handlers\base.py", line 197, in _get_response
    response = wrapped_callback(request, *callback_args, **callback_kwargs)
               ^^^^^^^^^^^^^^^^^^^^^^^^^^^^^^^^^^^^^^^^^^^^^^^^^^^^^^^^^^^^
  File "C:\Users\beyza.ozkara\ArslanDjango\env\ArslanProject\ArslanTakipApp\views.py", line 1201, in yudas_list
    q = filter_method(i, q)
        ^^^^^^^^^^^^^^^^^^^
  File "C:\Users\beyza.ozkara\ArslanDjango\env\ArslanProject\ArslanTakipApp\views.py", line 792, in filter_method
    if i["type"] == "like":
       ~^^^^^^^^
KeyError: 'type'
"GET /yudas/list?params=%7B%22page%22%3A1%2C%22size%22%3A7%2C%22filter%22%3A%5B%7B%22field%22%3A%22yudaNo%22%2C%22value%22%3A%2224-080%22%7D%2C%7B%22field%22%3A%22musteriFirma%22%2C%22value%22%3A%22%22%7D%5D%7D HTTP/1.1" 500 75898
Internal Server Error: /yudas/list
Traceback (most recent call last):
  File "C:\Users\beyza.ozkara\ArslanDjango\env\Lib\site-packages\django\core\handlers\exception.py", line 55, in inner
    response = get_response(request)
               ^^^^^^^^^^^^^^^^^^^^^
  File "C:\Users\beyza.ozkara\ArslanDjango\env\Lib\site-packages\django\core\handlers\base.py", line 197, in _get_response
    response = wrapped_callback(request, *callback_args, **callback_kwargs)
               ^^^^^^^^^^^^^^^^^^^^^^^^^^^^^^^^^^^^^^^^^^^^^^^^^^^^^^^^^^^^
  File "C:\Users\beyza.ozkara\ArslanDjango\env\ArslanProject\ArslanTakipApp\views.py", line 1203, in yudas_list
    filtered_yudas = y.filter(**q).order_by("-Tarih")
                     ^^^^^^^^^^^^^
  File "C:\Users\beyza.ozkara\ArslanDjango\env\Lib\site-packages\django\db\models\query.py", line 1436, in filter
    return self._filter_or_exclude(False, args, kwargs)
           ^^^^^^^^^^^^^^^^^^^^^^^^^^^^^^^^^^^^^^^^^^^^
  File "C:\Users\beyza.ozkara\ArslanDjango\env\Lib\site-packages\django\db\models\query.py", line 1454, in _filter_or_exclude
    clone._filter_or_exclude_inplace(negate, args, kwargs)
  File "C:\Users\beyza.ozkara\ArslanDjango\env\Lib\site-packages\django\db\models\query.py", line 1461, in _filter_or_exclude_inplace
    self._query.add_q(Q(*args, **kwargs))
  File "C:\Users\beyza.ozkara\ArslanDjango\env\Lib\site-packages\django\db\models\sql\query.py", line 1534, in add_q
    clause, _ = self._add_q(q_object, self.used_aliases)
                ^^^^^^^^^^^^^^^^^^^^^^^^^^^^^^^^^^^^^^^^
  File "C:\Users\beyza.ozkara\ArslanDjango\env\Lib\site-packages\django\db\models\sql\query.py", line 1565, in _add_q
    child_clause, needed_inner = self.build_filter(
                                 ^^^^^^^^^^^^^^^^^^
  File "C:\Users\beyza.ozkara\ArslanDjango\env\Lib\site-packages\django\db\models\sql\query.py", line 1415, in build_filter
    lookups, parts, reffed_expression = self.solve_lookup_type(arg, summarize)
                                        ^^^^^^^^^^^^^^^^^^^^^^^^^^^^^^^^^^^^^^
  File "C:\Users\beyza.ozkara\ArslanDjango\env\Lib\site-packages\django\db\models\sql\query.py", line 1225, in solve_lookup_type
    _, field, _, lookup_parts = self.names_to_path(lookup_splitted, self.get_meta())
                                ^^^^^^^^^^^^^^^^^^^^^^^^^^^^^^^^^^^^^^^^^^^^^^^^^^^^
  File "C:\Users\beyza.ozkara\ArslanDjango\env\Lib\site-packages\django\db\models\sql\query.py", line 1713, in names_to_path
    raise FieldError(
django.core.exceptions.FieldError: Cannot resolve keyword 'musteriFirma' into field. Choices are: AlasimKondusyon, BirlikteCalisan, CizimNo, DinTolerans, KullanýmAlani, MATmax, MATmin, MetreAgirlikTalebi, MusteriFirmaAdi, MusteriOdemeVadesi, OnemliOlculer, Paketleme, PaketlemeAciklama, ProfilMiktarBirim, ProfilSip, ProjeYoneticisi, ProjeYoneticisi_id, RevTarih, Silindi, SonKullaniciFirma, TalasliImalat, TalasliImalatAciklama, Tarih, YillikProfilSiparisiMiktar, YudaAcanKisi, YudaAcanKisi_id, YudaNo, YuzeyAhsap, YuzeyBoya, YuzeyEloksal, YuzeyPres, id, yudaonay
"GET /yudas/list?params=%7B%22page%22%3A1%2C%22size%22%3A7%2C%22filter%22%3A%5B%7B%22field%22%3A%22yudaNo%22%2C%22type%22%3A%22like%22%2C%22value%22%3A%2224-080%22%7D%2C%7B%22field%22%3A%22musteriFirma%22%2C%22type%22%3A%22like%22%2C%22value%22%3A%22%22%7D%5D%7D HTTP/1.1" 500 116209
Internal Server Error: /yudas/list
Traceback (most recent call last):
  File "C:\Users\beyza.ozkara\ArslanDjango\env\Lib\site-packages\django\core\handlers\exception.py", line 55, in inner
    response = get_response(request)
               ^^^^^^^^^^^^^^^^^^^^^
  File "C:\Users\beyza.ozkara\ArslanDjango\env\Lib\site-packages\django\core\handlers\base.py", line 197, in _get_response
    response = wrapped_callback(request, *callback_args, **callback_kwargs)
               ^^^^^^^^^^^^^^^^^^^^^^^^^^^^^^^^^^^^^^^^^^^^^^^^^^^^^^^^^^^^
  File "C:\Users\beyza.ozkara\ArslanDjango\env\ArslanProject\ArslanTakipApp\views.py", line 1203, in yudas_list
    filtered_yudas = y.filter(**q).order_by("-Tarih")
                     ^^^^^^^^^^^^^
  File "C:\Users\beyza.ozkara\ArslanDjango\env\Lib\site-packages\django\db\models\query.py", line 1436, in filter
    return self._filter_or_exclude(False, args, kwargs)
           ^^^^^^^^^^^^^^^^^^^^^^^^^^^^^^^^^^^^^^^^^^^^
  File "C:\Users\beyza.ozkara\ArslanDjango\env\Lib\site-packages\django\db\models\query.py", line 1454, in _filter_or_exclude
    clone._filter_or_exclude_inplace(negate, args, kwargs)
  File "C:\Users\beyza.ozkara\ArslanDjango\env\Lib\site-packages\django\db\models\query.py", line 1461, in _filter_or_exclude_inplace
    self._query.add_q(Q(*args, **kwargs))
  File "C:\Users\beyza.ozkara\ArslanDjango\env\Lib\site-packages\django\db\models\sql\query.py", line 1534, in add_q
    clause, _ = self._add_q(q_object, self.used_aliases)
                ^^^^^^^^^^^^^^^^^^^^^^^^^^^^^^^^^^^^^^^^
  File "C:\Users\beyza.ozkara\ArslanDjango\env\Lib\site-packages\django\db\models\sql\query.py", line 1565, in _add_q
    child_clause, needed_inner = self.build_filter(
                                 ^^^^^^^^^^^^^^^^^^
  File "C:\Users\beyza.ozkara\ArslanDjango\env\Lib\site-packages\django\db\models\sql\query.py", line 1415, in build_filter
    lookups, parts, reffed_expression = self.solve_lookup_type(arg, summarize)
                                        ^^^^^^^^^^^^^^^^^^^^^^^^^^^^^^^^^^^^^^
  File "C:\Users\beyza.ozkara\ArslanDjango\env\Lib\site-packages\django\db\models\sql\query.py", line 1225, in solve_lookup_type
    _, field, _, lookup_parts = self.names_to_path(lookup_splitted, self.get_meta())
                                ^^^^^^^^^^^^^^^^^^^^^^^^^^^^^^^^^^^^^^^^^^^^^^^^^^^^
  File "C:\Users\beyza.ozkara\ArslanDjango\env\Lib\site-packages\django\db\models\sql\query.py", line 1713, in names_to_path
    raise FieldError(
django.core.exceptions.FieldError: Cannot resolve keyword 'yudaNo' into field. Choices are: AlasimKondusyon, BirlikteCalisan, CizimNo, DinTolerans, KullanýmAlani, MATmax, MATmin, MetreAgirlikTalebi, MusteriFirmaAdi, MusteriOdemeVadesi, OnemliOlculer, Paketleme, PaketlemeAciklama, ProfilMiktarBirim, ProfilSip, ProjeYoneticisi, ProjeYoneticisi_id, RevTarih, Silindi, SonKullaniciFirma, TalasliImalat, TalasliImalatAciklama, Tarih, YillikProfilSiparisiMiktar, YudaAcanKisi, YudaAcanKisi_id, YudaNo, YuzeyAhsap, YuzeyBoya, YuzeyEloksal, YuzeyPres, id, yudaonay
"GET /yudas/list?params=%7B%22page%22%3A1%2C%22size%22%3A7%2C%22filter%22%3A%5B%7B%22field%22%3A%22yudaNo%22%2C%22type%22%3A%22like%22%2C%22value%22%3A%2224-080%22%7D%5D%7D HTTP/1.1" 500 114827
Internal Server Error: /yudas/list
Traceback (most recent call last):
  File "C:\Users\beyza.ozkara\ArslanDjango\env\Lib\site-packages\django\core\handlers\exception.py", line 55, in inner
    response = get_response(request)
               ^^^^^^^^^^^^^^^^^^^^^
  File "C:\Users\beyza.ozkara\ArslanDjango\env\Lib\site-packages\django\core\handlers\base.py", line 197, in _get_response
    response = wrapped_callback(request, *callback_args, **callback_kwargs)
               ^^^^^^^^^^^^^^^^^^^^^^^^^^^^^^^^^^^^^^^^^^^^^^^^^^^^^^^^^^^^
  File "C:\Users\beyza.ozkara\ArslanDjango\env\ArslanProject\ArslanTakipApp\views.py", line 1204, in yudas_list
    filtered_yudas = y.filter(**q).order_by("-Tarih")
                     ^^^^^^^^^^^^^
  File "C:\Users\beyza.ozkara\ArslanDjango\env\Lib\site-packages\django\db\models\query.py", line 1436, in filter
    return self._filter_or_exclude(False, args, kwargs)
           ^^^^^^^^^^^^^^^^^^^^^^^^^^^^^^^^^^^^^^^^^^^^
  File "C:\Users\beyza.ozkara\ArslanDjango\env\Lib\site-packages\django\db\models\query.py", line 1454, in _filter_or_exclude
    clone._filter_or_exclude_inplace(negate, args, kwargs)
  File "C:\Users\beyza.ozkara\ArslanDjango\env\Lib\site-packages\django\db\models\query.py", line 1461, in _filter_or_exclude_inplace
    self._query.add_q(Q(*args, **kwargs))
  File "C:\Users\beyza.ozkara\ArslanDjango\env\Lib\site-packages\django\db\models\sql\query.py", line 1534, in add_q
    clause, _ = self._add_q(q_object, self.used_aliases)
                ^^^^^^^^^^^^^^^^^^^^^^^^^^^^^^^^^^^^^^^^
  File "C:\Users\beyza.ozkara\ArslanDjango\env\Lib\site-packages\django\db\models\sql\query.py", line 1565, in _add_q
    child_clause, needed_inner = self.build_filter(
                                 ^^^^^^^^^^^^^^^^^^
  File "C:\Users\beyza.ozkara\ArslanDjango\env\Lib\site-packages\django\db\models\sql\query.py", line 1415, in build_filter
    lookups, parts, reffed_expression = self.solve_lookup_type(arg, summarize)
                                        ^^^^^^^^^^^^^^^^^^^^^^^^^^^^^^^^^^^^^^
  File "C:\Users\beyza.ozkara\ArslanDjango\env\Lib\site-packages\django\db\models\sql\query.py", line 1225, in solve_lookup_type
    _, field, _, lookup_parts = self.names_to_path(lookup_splitted, self.get_meta())
                                ^^^^^^^^^^^^^^^^^^^^^^^^^^^^^^^^^^^^^^^^^^^^^^^^^^^^
  File "C:\Users\beyza.ozkara\ArslanDjango\env\Lib\site-packages\django\db\models\sql\query.py", line 1713, in names_to_path
    raise FieldError(
django.core.exceptions.FieldError: Cannot resolve keyword 'yudaNo' into field. Choices are: AlasimKondusyon, BirlikteCalisan, CizimNo, DinTolerans, KullanýmAlani, MATmax, MATmin, MetreAgirlikTalebi, MusteriFirmaAdi, MusteriOdemeVadesi, OnemliOlculer, Paketleme, PaketlemeAciklama, ProfilMiktarBirim, ProfilSip, ProjeYoneticisi, ProjeYoneticisi_id, RevTarih, Silindi, SonKullaniciFirma, TalasliImalat, TalasliImalatAciklama, Tarih, YillikProfilSiparisiMiktar, YudaAcanKisi, YudaAcanKisi_id, YudaNo, YuzeyAhsap, YuzeyBoya, YuzeyEloksal, YuzeyPres, id, yudaonay
"GET /yudas/list?params=%7B%22page%22%3A1%2C%22size%22%3A7%2C%22filter%22%3A%5B%7B%22field%22%3A%22yudaNo%22%2C%22type%22%3A%22like%22%2C%22value%22%3A%2224-080%22%7D%5D%7D HTTP/1.1" 500 114817
Internal Server Error: /yudas/list
Traceback (most recent call last):
  File "C:\Users\beyza.ozkara\ArslanDjango\env\Lib\site-packages\django\core\handlers\exception.py", line 55, in inner
    response = get_response(request)
               ^^^^^^^^^^^^^^^^^^^^^
  File "C:\Users\beyza.ozkara\ArslanDjango\env\Lib\site-packages\django\core\handlers\base.py", line 197, in _get_response
    response = wrapped_callback(request, *callback_args, **callback_kwargs)
               ^^^^^^^^^^^^^^^^^^^^^^^^^^^^^^^^^^^^^^^^^^^^^^^^^^^^^^^^^^^^
  File "C:\Users\beyza.ozkara\ArslanDjango\env\ArslanProject\ArslanTakipApp\views.py", line 1204, in yudas_list
    filtered_yudas = y.filter(**q).order_by("-Tarih")
                     ^^^^^^^^^^^^^
  File "C:\Users\beyza.ozkara\ArslanDjango\env\Lib\site-packages\django\db\models\query.py", line 1436, in filter
    return self._filter_or_exclude(False, args, kwargs)
           ^^^^^^^^^^^^^^^^^^^^^^^^^^^^^^^^^^^^^^^^^^^^
  File "C:\Users\beyza.ozkara\ArslanDjango\env\Lib\site-packages\django\db\models\query.py", line 1454, in _filter_or_exclude
    clone._filter_or_exclude_inplace(negate, args, kwargs)
  File "C:\Users\beyza.ozkara\ArslanDjango\env\Lib\site-packages\django\db\models\query.py", line 1461, in _filter_or_exclude_inplace
    self._query.add_q(Q(*args, **kwargs))
  File "C:\Users\beyza.ozkara\ArslanDjango\env\Lib\site-packages\django\db\models\sql\query.py", line 1534, in add_q
    clause, _ = self._add_q(q_object, self.used_aliases)
                ^^^^^^^^^^^^^^^^^^^^^^^^^^^^^^^^^^^^^^^^
  File "C:\Users\beyza.ozkara\ArslanDjango\env\Lib\site-packages\django\db\models\sql\query.py", line 1565, in _add_q
    child_clause, needed_inner = self.build_filter(
                                 ^^^^^^^^^^^^^^^^^^
  File "C:\Users\beyza.ozkara\ArslanDjango\env\Lib\site-packages\django\db\models\sql\query.py", line 1415, in build_filter
    lookups, parts, reffed_expression = self.solve_lookup_type(arg, summarize)
                                        ^^^^^^^^^^^^^^^^^^^^^^^^^^^^^^^^^^^^^^
  File "C:\Users\beyza.ozkara\ArslanDjango\env\Lib\site-packages\django\db\models\sql\query.py", line 1225, in solve_lookup_type
    _, field, _, lookup_parts = self.names_to_path(lookup_splitted, self.get_meta())
                                ^^^^^^^^^^^^^^^^^^^^^^^^^^^^^^^^^^^^^^^^^^^^^^^^^^^^
  File "C:\Users\beyza.ozkara\ArslanDjango\env\Lib\site-packages\django\db\models\sql\query.py", line 1713, in names_to_path
    raise FieldError(
django.core.exceptions.FieldError: Cannot resolve keyword 'MusteriFirma' into field. Choices are: AlasimKondusyon, BirlikteCalisan, CizimNo, DinTolerans, KullanýmAlani, MATmax, MATmin, MetreAgirlikTalebi, MusteriFirmaAdi, MusteriOdemeVadesi, OnemliOlculer, Paketleme, PaketlemeAciklama, ProfilMiktarBirim, ProfilSip, ProjeYoneticisi, ProjeYoneticisi_id, RevTarih, Silindi, SonKullaniciFirma, TalasliImalat, TalasliImalatAciklama, Tarih, YillikProfilSiparisiMiktar, YudaAcanKisi, YudaAcanKisi_id, YudaNo, YuzeyAhsap, YuzeyBoya, YuzeyEloksal, YuzeyPres, id, yudaonay
"GET /yudas/list?params=%7B%22page%22%3A1%2C%22size%22%3A7%2C%22filter%22%3A%5B%7B%22field%22%3A%22MusteriFirma%22%2C%22type%22%3A%22like%22%2C%22value%22%3A%22av%22%7D%5D%7D HTTP/1.1" 500 114911
Internal Server Error: /yudas/list
Traceback (most recent call last):
  File "C:\Users\beyza.ozkara\ArslanDjango\env\Lib\site-packages\django\core\handlers\exception.py", line 55, in inner
    response = get_response(request)
               ^^^^^^^^^^^^^^^^^^^^^
  File "C:\Users\beyza.ozkara\ArslanDjango\env\Lib\site-packages\django\core\handlers\base.py", line 197, in _get_response
    response = wrapped_callback(request, *callback_args, **callback_kwargs)
               ^^^^^^^^^^^^^^^^^^^^^^^^^^^^^^^^^^^^^^^^^^^^^^^^^^^^^^^^^^^^
  File "C:\Users\beyza.ozkara\ArslanDjango\env\ArslanProject\ArslanTakipApp\views.py", line 1204, in yudas_list
    filtered_yudas = y.filter(**q).order_by("-Tarih")
                     ^^^^^^^^^^^^^
  File "C:\Users\beyza.ozkara\ArslanDjango\env\Lib\site-packages\django\db\models\query.py", line 1436, in filter
    return self._filter_or_exclude(False, args, kwargs)
           ^^^^^^^^^^^^^^^^^^^^^^^^^^^^^^^^^^^^^^^^^^^^
  File "C:\Users\beyza.ozkara\ArslanDjango\env\Lib\site-packages\django\db\models\query.py", line 1454, in _filter_or_exclude
    clone._filter_or_exclude_inplace(negate, args, kwargs)
  File "C:\Users\beyza.ozkara\ArslanDjango\env\Lib\site-packages\django\db\models\query.py", line 1461, in _filter_or_exclude_inplace
    self._query.add_q(Q(*args, **kwargs))
  File "C:\Users\beyza.ozkara\ArslanDjango\env\Lib\site-packages\django\db\models\sql\query.py", line 1534, in add_q
    clause, _ = self._add_q(q_object, self.used_aliases)
                ^^^^^^^^^^^^^^^^^^^^^^^^^^^^^^^^^^^^^^^^
  File "C:\Users\beyza.ozkara\ArslanDjango\env\Lib\site-packages\django\db\models\sql\query.py", line 1565, in _add_q
    child_clause, needed_inner = self.build_filter(
                                 ^^^^^^^^^^^^^^^^^^
  File "C:\Users\beyza.ozkara\ArslanDjango\env\Lib\site-packages\django\db\models\sql\query.py", line 1415, in build_filter
    lookups, parts, reffed_expression = self.solve_lookup_type(arg, summarize)
                                        ^^^^^^^^^^^^^^^^^^^^^^^^^^^^^^^^^^^^^^
  File "C:\Users\beyza.ozkara\ArslanDjango\env\Lib\site-packages\django\db\models\sql\query.py", line 1225, in solve_lookup_type
    _, field, _, lookup_parts = self.names_to_path(lookup_splitted, self.get_meta())
                                ^^^^^^^^^^^^^^^^^^^^^^^^^^^^^^^^^^^^^^^^^^^^^^^^^^^^
  File "C:\Users\beyza.ozkara\ArslanDjango\env\Lib\site-packages\django\db\models\sql\query.py", line 1713, in names_to_path
    raise FieldError(
django.core.exceptions.FieldError: Cannot resolve keyword 'MusteriFirma' into field. Choices are: AlasimKondusyon, BirlikteCalisan, CizimNo, DinTolerans, KullanýmAlani, MATmax, MATmin, MetreAgirlikTalebi, MusteriFirmaAdi, MusteriOdemeVadesi, OnemliOlculer, Paketleme, PaketlemeAciklama, ProfilMiktarBirim, ProfilSip, ProjeYoneticisi, ProjeYoneticisi_id, RevTarih, Silindi, SonKullaniciFirma, TalasliImalat, TalasliImalatAciklama, Tarih, YillikProfilSiparisiMiktar, YudaAcanKisi, YudaAcanKisi_id, YudaNo, YuzeyAhsap, YuzeyBoya, YuzeyEloksal, YuzeyPres, id, yudaonay
"GET /yudas/list?params=%7B%22page%22%3A1%2C%22size%22%3A7%2C%22filter%22%3A%5B%7B%22field%22%3A%22MusteriFirma%22%2C%22type%22%3A%22like%22%2C%22value%22%3A%22av%22%7D%2C%7B%22field%22%3A%22MusteriFirma%22%2C%22type%22%3A%22like%22%2C%22value%22%3A%22AV%22%7D%5D%7D HTTP/1.1" 500 115943
