Internal Server Error: /yudas/list
Traceback (most recent call last):
  File "C:\Users\beyza.ozkara\ArslanDjango\env\Lib\site-packages\django\db\backends\utils.py", line 89, in _execute
    return self.cursor.execute(sql, params)
           ^^^^^^^^^^^^^^^^^^^^^^^^^^^^^^^^
psycopg2.errors.UndefinedColumn: column ArslanTakipApp_yudaform.Silindi does not exist
LINE 1: ...", "ArslanTakipApp_yudaform"."PaketlemeAciklama", "ArslanTak...
                                                             ^


The above exception was the direct cause of the following exception:

Traceback (most recent call last):
  File "C:\Users\beyza.ozkara\ArslanDjango\env\Lib\site-packages\django\core\handlers\exception.py", line 55, in inner
    response = get_response(request)
               ^^^^^^^^^^^^^^^^^^^^^
  File "C:\Users\beyza.ozkara\ArslanDjango\env\Lib\site-packages\django\core\handlers\base.py", line 197, in _get_response
    response = wrapped_callback(request, *callback_args, **callback_kwargs)
               ^^^^^^^^^^^^^^^^^^^^^^^^^^^^^^^^^^^^^^^^^^^^^^^^^^^^^^^^^^^^
  File "C:\Users\beyza.ozkara\ArslanDjango\env\ArslanProject\ArslanTakipApp\views.py", line 1203, in yudas_list
    yudaList = list(filtered_yudas.values()[offset:limit])
               ^^^^^^^^^^^^^^^^^^^^^^^^^^^^^^^^^^^^^^^^^^^
  File "C:\Users\beyza.ozkara\ArslanDjango\env\Lib\site-packages\django\db\models\query.py", line 398, in __iter__
    self._fetch_all()
  File "C:\Users\beyza.ozkara\ArslanDjango\env\Lib\site-packages\django\db\models\query.py", line 1881, in _fetch_all
    self._result_cache = list(self._iterable_class(self))
                         ^^^^^^^^^^^^^^^^^^^^^^^^^^^^^^^^
  File "C:\Users\beyza.ozkara\ArslanDjango\env\Lib\site-packages\django\db\models\query.py", line 208, in __iter__
    for row in compiler.results_iter(
               ^^^^^^^^^^^^^^^^^^^^^^
  File "C:\Users\beyza.ozkara\ArslanDjango\env\Lib\site-packages\django\db\models\sql\compiler.py", line 1513, in results_iter
    results = self.execute_sql(
              ^^^^^^^^^^^^^^^^^
  File "C:\Users\beyza.ozkara\ArslanDjango\env\Lib\site-packages\django\db\models\sql\compiler.py", line 1562, in execute_sql
    cursor.execute(sql, params)
  File "C:\Users\beyza.ozkara\ArslanDjango\env\Lib\site-packages\django\db\backends\utils.py", line 102, in execute
    return super().execute(sql, params)
           ^^^^^^^^^^^^^^^^^^^^^^^^^^^^
  File "C:\Users\beyza.ozkara\ArslanDjango\env\Lib\site-packages\django\db\backends\utils.py", line 67, in execute
    return self._execute_with_wrappers(
           ^^^^^^^^^^^^^^^^^^^^^^^^^^^^
  File "C:\Users\beyza.ozkara\ArslanDjango\env\Lib\site-packages\django\db\backends\utils.py", line 80, in _execute_with_wrappers
    return executor(sql, params, many, context)
           ^^^^^^^^^^^^^^^^^^^^^^^^^^^^^^^^^^^^
  File "C:\Users\beyza.ozkara\ArslanDjango\env\Lib\site-packages\django\db\backends\utils.py", line 84, in _execute
    with self.db.wrap_database_errors:
  File "C:\Users\beyza.ozkara\ArslanDjango\env\Lib\site-packages\django\db\utils.py", line 91, in __exit__
    raise dj_exc_value.with_traceback(traceback) from exc_value
  File "C:\Users\beyza.ozkara\ArslanDjango\env\Lib\site-packages\django\db\backends\utils.py", line 89, in _execute
    return self.cursor.execute(sql, params)
           ^^^^^^^^^^^^^^^^^^^^^^^^^^^^^^^^
django.db.utils.ProgrammingError: column ArslanTakipApp_yudaform.Silindi does not exist
LINE 1: ...", "ArslanTakipApp_yudaform"."PaketlemeAciklama", "ArslanTak...
                                                             ^

"GET /yudas/list?params=%7B%22page%22%3A1%2C%22size%22%3A7%2C%22filter%22%3A%5B%5D%7D HTTP/1.1" 500 146715
Internal Server Error: /yudas/list
Traceback (most recent call last):
  File "C:\Users\beyza.ozkara\ArslanDjango\env\Lib\site-packages\django\db\backends\utils.py", line 89, in _execute
    return self.cursor.execute(sql, params)
           ^^^^^^^^^^^^^^^^^^^^^^^^^^^^^^^^
psycopg2.errors.UndefinedColumn: column ArslanTakipApp_yudaform.Silindi does not exist
LINE 1: ...", "ArslanTakipApp_yudaform"."PaketlemeAciklama", "ArslanTak...
                                                             ^


The above exception was the direct cause of the following exception:

Traceback (most recent call last):
  File "C:\Users\beyza.ozkara\ArslanDjango\env\Lib\site-packages\django\core\handlers\exception.py", line 55, in inner
    response = get_response(request)
               ^^^^^^^^^^^^^^^^^^^^^
  File "C:\Users\beyza.ozkara\ArslanDjango\env\Lib\site-packages\django\core\handlers\base.py", line 197, in _get_response
    response = wrapped_callback(request, *callback_args, **callback_kwargs)
               ^^^^^^^^^^^^^^^^^^^^^^^^^^^^^^^^^^^^^^^^^^^^^^^^^^^^^^^^^^^^
  File "C:\Users\beyza.ozkara\ArslanDjango\env\ArslanProject\ArslanTakipApp\views.py", line 1203, in yudas_list
    yudaList = list(filtered_yudas.values()[offset:limit])
               ^^^^^^^^^^^^^^^^^^^^^^^^^^^^^^^^^^^^^^^^^^^
  File "C:\Users\beyza.ozkara\ArslanDjango\env\Lib\site-packages\django\db\models\query.py", line 398, in __iter__
    self._fetch_all()
  File "C:\Users\beyza.ozkara\ArslanDjango\env\Lib\site-packages\django\db\models\query.py", line 1881, in _fetch_all
    self._result_cache = list(self._iterable_class(self))
                         ^^^^^^^^^^^^^^^^^^^^^^^^^^^^^^^^
  File "C:\Users\beyza.ozkara\ArslanDjango\env\Lib\site-packages\django\db\models\query.py", line 208, in __iter__
    for row in compiler.results_iter(
               ^^^^^^^^^^^^^^^^^^^^^^
  File "C:\Users\beyza.ozkara\ArslanDjango\env\Lib\site-packages\django\db\models\sql\compiler.py", line 1513, in results_iter
    results = self.execute_sql(
              ^^^^^^^^^^^^^^^^^
  File "C:\Users\beyza.ozkara\ArslanDjango\env\Lib\site-packages\django\db\models\sql\compiler.py", line 1562, in execute_sql
    cursor.execute(sql, params)
  File "C:\Users\beyza.ozkara\ArslanDjango\env\Lib\site-packages\django\db\backends\utils.py", line 102, in execute
    return super().execute(sql, params)
           ^^^^^^^^^^^^^^^^^^^^^^^^^^^^
  File "C:\Users\beyza.ozkara\ArslanDjango\env\Lib\site-packages\django\db\backends\utils.py", line 67, in execute
    return self._execute_with_wrappers(
           ^^^^^^^^^^^^^^^^^^^^^^^^^^^^
  File "C:\Users\beyza.ozkara\ArslanDjango\env\Lib\site-packages\django\db\backends\utils.py", line 80, in _execute_with_wrappers
    return executor(sql, params, many, context)
           ^^^^^^^^^^^^^^^^^^^^^^^^^^^^^^^^^^^^
  File "C:\Users\beyza.ozkara\ArslanDjango\env\Lib\site-packages\django\db\backends\utils.py", line 84, in _execute
    with self.db.wrap_database_errors:
  File "C:\Users\beyza.ozkara\ArslanDjango\env\Lib\site-packages\django\db\utils.py", line 91, in __exit__
    raise dj_exc_value.with_traceback(traceback) from exc_value
  File "C:\Users\beyza.ozkara\ArslanDjango\env\Lib\site-packages\django\db\backends\utils.py", line 89, in _execute
    return self.cursor.execute(sql, params)
           ^^^^^^^^^^^^^^^^^^^^^^^^^^^^^^^^
django.db.utils.ProgrammingError: column ArslanTakipApp_yudaform.Silindi does not exist
LINE 1: ...", "ArslanTakipApp_yudaform"."PaketlemeAciklama", "ArslanTak...
                                                             ^

"GET /yudas/list?params=%7B%22page%22%3A1%2C%22size%22%3A7%2C%22filter%22%3A%5B%5D%7D HTTP/1.1" 500 146715
Internal Server Error: /yudas/list
Traceback (most recent call last):
  File "C:\Users\beyza.ozkara\ArslanDjango\env\Lib\site-packages\django\db\backends\utils.py", line 89, in _execute
    return self.cursor.execute(sql, params)
           ^^^^^^^^^^^^^^^^^^^^^^^^^^^^^^^^
psycopg2.errors.UndefinedColumn: column ArslanTakipApp_yudaform.Silindi does not exist
LINE 1: ...", "ArslanTakipApp_yudaform"."PaketlemeAciklama", "ArslanTak...
                                                             ^


The above exception was the direct cause of the following exception:

Traceback (most recent call last):
  File "C:\Users\beyza.ozkara\ArslanDjango\env\Lib\site-packages\django\core\handlers\exception.py", line 55, in inner
    response = get_response(request)
               ^^^^^^^^^^^^^^^^^^^^^
  File "C:\Users\beyza.ozkara\ArslanDjango\env\Lib\site-packages\django\core\handlers\base.py", line 197, in _get_response
    response = wrapped_callback(request, *callback_args, **callback_kwargs)
               ^^^^^^^^^^^^^^^^^^^^^^^^^^^^^^^^^^^^^^^^^^^^^^^^^^^^^^^^^^^^
  File "C:\Users\beyza.ozkara\ArslanDjango\env\ArslanProject\ArslanTakipApp\views.py", line 1203, in yudas_list
    yudaList = list(filtered_yudas.values()[offset:limit])
               ^^^^^^^^^^^^^^^^^^^^^^^^^^^^^^^^^^^^^^^^^^^
  File "C:\Users\beyza.ozkara\ArslanDjango\env\Lib\site-packages\django\db\models\query.py", line 398, in __iter__
    self._fetch_all()
  File "C:\Users\beyza.ozkara\ArslanDjango\env\Lib\site-packages\django\db\models\query.py", line 1881, in _fetch_all
    self._result_cache = list(self._iterable_class(self))
                         ^^^^^^^^^^^^^^^^^^^^^^^^^^^^^^^^
  File "C:\Users\beyza.ozkara\ArslanDjango\env\Lib\site-packages\django\db\models\query.py", line 208, in __iter__
    for row in compiler.results_iter(
               ^^^^^^^^^^^^^^^^^^^^^^
  File "C:\Users\beyza.ozkara\ArslanDjango\env\Lib\site-packages\django\db\models\sql\compiler.py", line 1513, in results_iter
    results = self.execute_sql(
              ^^^^^^^^^^^^^^^^^
  File "C:\Users\beyza.ozkara\ArslanDjango\env\Lib\site-packages\django\db\models\sql\compiler.py", line 1562, in execute_sql
    cursor.execute(sql, params)
  File "C:\Users\beyza.ozkara\ArslanDjango\env\Lib\site-packages\django\db\backends\utils.py", line 102, in execute
    return super().execute(sql, params)
           ^^^^^^^^^^^^^^^^^^^^^^^^^^^^
  File "C:\Users\beyza.ozkara\ArslanDjango\env\Lib\site-packages\django\db\backends\utils.py", line 67, in execute
    return self._execute_with_wrappers(
           ^^^^^^^^^^^^^^^^^^^^^^^^^^^^
  File "C:\Users\beyza.ozkara\ArslanDjango\env\Lib\site-packages\django\db\backends\utils.py", line 80, in _execute_with_wrappers
    return executor(sql, params, many, context)
           ^^^^^^^^^^^^^^^^^^^^^^^^^^^^^^^^^^^^
  File "C:\Users\beyza.ozkara\ArslanDjango\env\Lib\site-packages\django\db\backends\utils.py", line 84, in _execute
    with self.db.wrap_database_errors:
  File "C:\Users\beyza.ozkara\ArslanDjango\env\Lib\site-packages\django\db\utils.py", line 91, in __exit__
    raise dj_exc_value.with_traceback(traceback) from exc_value
  File "C:\Users\beyza.ozkara\ArslanDjango\env\Lib\site-packages\django\db\backends\utils.py", line 89, in _execute
    return self.cursor.execute(sql, params)
           ^^^^^^^^^^^^^^^^^^^^^^^^^^^^^^^^
django.db.utils.ProgrammingError: column ArslanTakipApp_yudaform.Silindi does not exist
LINE 1: ...", "ArslanTakipApp_yudaform"."PaketlemeAciklama", "ArslanTak...
                                                             ^

"GET /yudas/list?params=%7B%22page%22%3A1%2C%22size%22%3A7%2C%22filter%22%3A%5B%5D%7D HTTP/1.1" 500 146715
Internal Server Error: /yudas/list
Traceback (most recent call last):
  File "C:\Users\beyza.ozkara\ArslanDjango\env\Lib\site-packages\django\core\handlers\exception.py", line 55, in inner
    response = get_response(request)
               ^^^^^^^^^^^^^^^^^^^^^
  File "C:\Users\beyza.ozkara\ArslanDjango\env\Lib\site-packages\django\core\handlers\base.py", line 197, in _get_response
    response = wrapped_callback(request, *callback_args, **callback_kwargs)
               ^^^^^^^^^^^^^^^^^^^^^^^^^^^^^^^^^^^^^^^^^^^^^^^^^^^^^^^^^^^^
  File "C:\Users\beyza.ozkara\ArslanDjango\env\ArslanProject\ArslanTakipApp\views.py", line 1200, in yudas_list
    q = filter_method(i, q)
        ^^^^^^^^^^^^^^^^^^^
  File "C:\Users\beyza.ozkara\ArslanDjango\env\ArslanProject\ArslanTakipApp\views.py", line 792, in filter_method
    if i["type"] == "like":
       ~^^^^^^^^
KeyError: 'type'
"GET /yudas/list?params=%7B%22page%22%3A1%2C%22size%22%3A7%2C%22filter%22%3A%5B%7B%22field%22%3A%22yudaNo%22%2C%22value%22%3A%2224-080%22%7D%2C%7B%22field%22%3A%22musteriFirma%22%2C%22value%22%3A%22%22%7D%5D%7D HTTP/1.1" 500 75911
Internal Server Error: /yudas/list
Traceback (most recent call last):
  File "C:\Users\beyza.ozkara\ArslanDjango\env\Lib\site-packages\django\core\handlers\exception.py", line 55, in inner
    response = get_response(request)
               ^^^^^^^^^^^^^^^^^^^^^
  File "C:\Users\beyza.ozkara\ArslanDjango\env\Lib\site-packages\django\core\handlers\base.py", line 197, in _get_response
    response = wrapped_callback(request, *callback_args, **callback_kwargs)
               ^^^^^^^^^^^^^^^^^^^^^^^^^^^^^^^^^^^^^^^^^^^^^^^^^^^^^^^^^^^^
  File "C:\Users\beyza.ozkara\ArslanDjango\env\ArslanProject\ArslanTakipApp\views.py", line 1201, in yudas_list
    q = filter_method(i, q)
        ^^^^^^^^^^^^^^^^^^^
  File "C:\Users\beyza.ozkara\ArslanDjango\env\ArslanProject\ArslanTakipApp\views.py", line 792, in filter_method
    if i["type"] == "like":
       ~^^^^^^^^
KeyError: 'type'
"GET /yudas/list?params=%7B%22page%22%3A1%2C%22size%22%3A7%2C%22filter%22%3A%5B%7B%22field%22%3A%22yudaNo%22%2C%22value%22%3A%2224-080%22%7D%2C%7B%22field%22%3A%22musteriFirma%22%2C%22value%22%3A%22%22%7D%5D%7D HTTP/1.1" 500 75879
Internal Server Error: /yudas/list
Traceback (most recent call last):
  File "C:\Users\beyza.ozkara\ArslanDjango\env\Lib\site-packages\django\core\handlers\exception.py", line 55, in inner
    response = get_response(request)
               ^^^^^^^^^^^^^^^^^^^^^
  File "C:\Users\beyza.ozkara\ArslanDjango\env\Lib\site-packages\django\core\handlers\base.py", line 197, in _get_response
    response = wrapped_callback(request, *callback_args, **callback_kwargs)
               ^^^^^^^^^^^^^^^^^^^^^^^^^^^^^^^^^^^^^^^^^^^^^^^^^^^^^^^^^^^^
  File "C:\Users\beyza.ozkara\ArslanDjango\env\ArslanProject\ArslanTakipApp\views.py", line 1201, in yudas_list
    q = filter_method(i, q)
        ^^^^^^^^^^^^^^^^^^^
  File "C:\Users\beyza.ozkara\ArslanDjango\env\ArslanProject\ArslanTakipApp\views.py", line 792, in filter_method
    if i["type"] == "like":
       ~^^^^^^^^
KeyError: 'type'
"GET /yudas/list?params=%7B%22page%22%3A1%2C%22size%22%3A7%2C%22filter%22%3A%5B%7B%22field%22%3A%22yudaNo%22%2C%22value%22%3A%2224-080%22%7D%2C%7B%22field%22%3A%22musteriFirma%22%2C%22value%22%3A%22%22%7D%5D%7D HTTP/1.1" 500 75898
Internal Server Error: /yudas/list
Traceback (most recent call last):
  File "C:\Users\beyza.ozkara\ArslanDjango\env\Lib\site-packages\django\core\handlers\exception.py", line 55, in inner
    response = get_response(request)
               ^^^^^^^^^^^^^^^^^^^^^
  File "C:\Users\beyza.ozkara\ArslanDjango\env\Lib\site-packages\django\core\handlers\base.py", line 197, in _get_response
    response = wrapped_callback(request, *callback_args, **callback_kwargs)
               ^^^^^^^^^^^^^^^^^^^^^^^^^^^^^^^^^^^^^^^^^^^^^^^^^^^^^^^^^^^^
  File "C:\Users\beyza.ozkara\ArslanDjango\env\ArslanProject\ArslanTakipApp\views.py", line 1203, in yudas_list
    filtered_yudas = y.filter(**q).order_by("-Tarih")
                     ^^^^^^^^^^^^^
  File "C:\Users\beyza.ozkara\ArslanDjango\env\Lib\site-packages\django\db\models\query.py", line 1436, in filter
    return self._filter_or_exclude(False, args, kwargs)
           ^^^^^^^^^^^^^^^^^^^^^^^^^^^^^^^^^^^^^^^^^^^^
  File "C:\Users\beyza.ozkara\ArslanDjango\env\Lib\site-packages\django\db\models\query.py", line 1454, in _filter_or_exclude
    clone._filter_or_exclude_inplace(negate, args, kwargs)
  File "C:\Users\beyza.ozkara\ArslanDjango\env\Lib\site-packages\django\db\models\query.py", line 1461, in _filter_or_exclude_inplace
    self._query.add_q(Q(*args, **kwargs))
  File "C:\Users\beyza.ozkara\ArslanDjango\env\Lib\site-packages\django\db\models\sql\query.py", line 1534, in add_q
    clause, _ = self._add_q(q_object, self.used_aliases)
                ^^^^^^^^^^^^^^^^^^^^^^^^^^^^^^^^^^^^^^^^
  File "C:\Users\beyza.ozkara\ArslanDjango\env\Lib\site-packages\django\db\models\sql\query.py", line 1565, in _add_q
    child_clause, needed_inner = self.build_filter(
                                 ^^^^^^^^^^^^^^^^^^
  File "C:\Users\beyza.ozkara\ArslanDjango\env\Lib\site-packages\django\db\models\sql\query.py", line 1415, in build_filter
    lookups, parts, reffed_expression = self.solve_lookup_type(arg, summarize)
                                        ^^^^^^^^^^^^^^^^^^^^^^^^^^^^^^^^^^^^^^
  File "C:\Users\beyza.ozkara\ArslanDjango\env\Lib\site-packages\django\db\models\sql\query.py", line 1225, in solve_lookup_type
    _, field, _, lookup_parts = self.names_to_path(lookup_splitted, self.get_meta())
                                ^^^^^^^^^^^^^^^^^^^^^^^^^^^^^^^^^^^^^^^^^^^^^^^^^^^^
  File "C:\Users\beyza.ozkara\ArslanDjango\env\Lib\site-packages\django\db\models\sql\query.py", line 1713, in names_to_path
    raise FieldError(
django.core.exceptions.FieldError: Cannot resolve keyword 'musteriFirma' into field. Choices are: AlasimKondusyon, BirlikteCalisan, CizimNo, DinTolerans, KullanýmAlani, MATmax, MATmin, MetreAgirlikTalebi, MusteriFirmaAdi, MusteriOdemeVadesi, OnemliOlculer, Paketleme, PaketlemeAciklama, ProfilMiktarBirim, ProfilSip, ProjeYoneticisi, ProjeYoneticisi_id, RevTarih, Silindi, SonKullaniciFirma, TalasliImalat, TalasliImalatAciklama, Tarih, YillikProfilSiparisiMiktar, YudaAcanKisi, YudaAcanKisi_id, YudaNo, YuzeyAhsap, YuzeyBoya, YuzeyEloksal, YuzeyPres, id, yudaonay
"GET /yudas/list?params=%7B%22page%22%3A1%2C%22size%22%3A7%2C%22filter%22%3A%5B%7B%22field%22%3A%22yudaNo%22%2C%22type%22%3A%22like%22%2C%22value%22%3A%2224-080%22%7D%2C%7B%22field%22%3A%22musteriFirma%22%2C%22type%22%3A%22like%22%2C%22value%22%3A%22%22%7D%5D%7D HTTP/1.1" 500 116209
Internal Server Error: /yudas/list
Traceback (most recent call last):
  File "C:\Users\beyza.ozkara\ArslanDjango\env\Lib\site-packages\django\core\handlers\exception.py", line 55, in inner
    response = get_response(request)
               ^^^^^^^^^^^^^^^^^^^^^
  File "C:\Users\beyza.ozkara\ArslanDjango\env\Lib\site-packages\django\core\handlers\base.py", line 197, in _get_response
    response = wrapped_callback(request, *callback_args, **callback_kwargs)
               ^^^^^^^^^^^^^^^^^^^^^^^^^^^^^^^^^^^^^^^^^^^^^^^^^^^^^^^^^^^^
  File "C:\Users\beyza.ozkara\ArslanDjango\env\ArslanProject\ArslanTakipApp\views.py", line 1203, in yudas_list
    filtered_yudas = y.filter(**q).order_by("-Tarih")
                     ^^^^^^^^^^^^^
  File "C:\Users\beyza.ozkara\ArslanDjango\env\Lib\site-packages\django\db\models\query.py", line 1436, in filter
    return self._filter_or_exclude(False, args, kwargs)
           ^^^^^^^^^^^^^^^^^^^^^^^^^^^^^^^^^^^^^^^^^^^^
  File "C:\Users\beyza.ozkara\ArslanDjango\env\Lib\site-packages\django\db\models\query.py", line 1454, in _filter_or_exclude
    clone._filter_or_exclude_inplace(negate, args, kwargs)
  File "C:\Users\beyza.ozkara\ArslanDjango\env\Lib\site-packages\django\db\models\query.py", line 1461, in _filter_or_exclude_inplace
    self._query.add_q(Q(*args, **kwargs))
  File "C:\Users\beyza.ozkara\ArslanDjango\env\Lib\site-packages\django\db\models\sql\query.py", line 1534, in add_q
    clause, _ = self._add_q(q_object, self.used_aliases)
                ^^^^^^^^^^^^^^^^^^^^^^^^^^^^^^^^^^^^^^^^
  File "C:\Users\beyza.ozkara\ArslanDjango\env\Lib\site-packages\django\db\models\sql\query.py", line 1565, in _add_q
    child_clause, needed_inner = self.build_filter(
                                 ^^^^^^^^^^^^^^^^^^
  File "C:\Users\beyza.ozkara\ArslanDjango\env\Lib\site-packages\django\db\models\sql\query.py", line 1415, in build_filter
    lookups, parts, reffed_expression = self.solve_lookup_type(arg, summarize)
                                        ^^^^^^^^^^^^^^^^^^^^^^^^^^^^^^^^^^^^^^
  File "C:\Users\beyza.ozkara\ArslanDjango\env\Lib\site-packages\django\db\models\sql\query.py", line 1225, in solve_lookup_type
    _, field, _, lookup_parts = self.names_to_path(lookup_splitted, self.get_meta())
                                ^^^^^^^^^^^^^^^^^^^^^^^^^^^^^^^^^^^^^^^^^^^^^^^^^^^^
  File "C:\Users\beyza.ozkara\ArslanDjango\env\Lib\site-packages\django\db\models\sql\query.py", line 1713, in names_to_path
    raise FieldError(
django.core.exceptions.FieldError: Cannot resolve keyword 'yudaNo' into field. Choices are: AlasimKondusyon, BirlikteCalisan, CizimNo, DinTolerans, KullanýmAlani, MATmax, MATmin, MetreAgirlikTalebi, MusteriFirmaAdi, MusteriOdemeVadesi, OnemliOlculer, Paketleme, PaketlemeAciklama, ProfilMiktarBirim, ProfilSip, ProjeYoneticisi, ProjeYoneticisi_id, RevTarih, Silindi, SonKullaniciFirma, TalasliImalat, TalasliImalatAciklama, Tarih, YillikProfilSiparisiMiktar, YudaAcanKisi, YudaAcanKisi_id, YudaNo, YuzeyAhsap, YuzeyBoya, YuzeyEloksal, YuzeyPres, id, yudaonay
"GET /yudas/list?params=%7B%22page%22%3A1%2C%22size%22%3A7%2C%22filter%22%3A%5B%7B%22field%22%3A%22yudaNo%22%2C%22type%22%3A%22like%22%2C%22value%22%3A%2224-080%22%7D%5D%7D HTTP/1.1" 500 114827
Internal Server Error: /yudas/list
Traceback (most recent call last):
  File "C:\Users\beyza.ozkara\ArslanDjango\env\Lib\site-packages\django\core\handlers\exception.py", line 55, in inner
    response = get_response(request)
               ^^^^^^^^^^^^^^^^^^^^^
  File "C:\Users\beyza.ozkara\ArslanDjango\env\Lib\site-packages\django\core\handlers\base.py", line 197, in _get_response
    response = wrapped_callback(request, *callback_args, **callback_kwargs)
               ^^^^^^^^^^^^^^^^^^^^^^^^^^^^^^^^^^^^^^^^^^^^^^^^^^^^^^^^^^^^
  File "C:\Users\beyza.ozkara\ArslanDjango\env\ArslanProject\ArslanTakipApp\views.py", line 1204, in yudas_list
    filtered_yudas = y.filter(**q).order_by("-Tarih")
                     ^^^^^^^^^^^^^
  File "C:\Users\beyza.ozkara\ArslanDjango\env\Lib\site-packages\django\db\models\query.py", line 1436, in filter
    return self._filter_or_exclude(False, args, kwargs)
           ^^^^^^^^^^^^^^^^^^^^^^^^^^^^^^^^^^^^^^^^^^^^
  File "C:\Users\beyza.ozkara\ArslanDjango\env\Lib\site-packages\django\db\models\query.py", line 1454, in _filter_or_exclude
    clone._filter_or_exclude_inplace(negate, args, kwargs)
  File "C:\Users\beyza.ozkara\ArslanDjango\env\Lib\site-packages\django\db\models\query.py", line 1461, in _filter_or_exclude_inplace
    self._query.add_q(Q(*args, **kwargs))
  File "C:\Users\beyza.ozkara\ArslanDjango\env\Lib\site-packages\django\db\models\sql\query.py", line 1534, in add_q
    clause, _ = self._add_q(q_object, self.used_aliases)
                ^^^^^^^^^^^^^^^^^^^^^^^^^^^^^^^^^^^^^^^^
  File "C:\Users\beyza.ozkara\ArslanDjango\env\Lib\site-packages\django\db\models\sql\query.py", line 1565, in _add_q
    child_clause, needed_inner = self.build_filter(
                                 ^^^^^^^^^^^^^^^^^^
  File "C:\Users\beyza.ozkara\ArslanDjango\env\Lib\site-packages\django\db\models\sql\query.py", line 1415, in build_filter
    lookups, parts, reffed_expression = self.solve_lookup_type(arg, summarize)
                                        ^^^^^^^^^^^^^^^^^^^^^^^^^^^^^^^^^^^^^^
  File "C:\Users\beyza.ozkara\ArslanDjango\env\Lib\site-packages\django\db\models\sql\query.py", line 1225, in solve_lookup_type
    _, field, _, lookup_parts = self.names_to_path(lookup_splitted, self.get_meta())
                                ^^^^^^^^^^^^^^^^^^^^^^^^^^^^^^^^^^^^^^^^^^^^^^^^^^^^
  File "C:\Users\beyza.ozkara\ArslanDjango\env\Lib\site-packages\django\db\models\sql\query.py", line 1713, in names_to_path
    raise FieldError(
django.core.exceptions.FieldError: Cannot resolve keyword 'yudaNo' into field. Choices are: AlasimKondusyon, BirlikteCalisan, CizimNo, DinTolerans, KullanýmAlani, MATmax, MATmin, MetreAgirlikTalebi, MusteriFirmaAdi, MusteriOdemeVadesi, OnemliOlculer, Paketleme, PaketlemeAciklama, ProfilMiktarBirim, ProfilSip, ProjeYoneticisi, ProjeYoneticisi_id, RevTarih, Silindi, SonKullaniciFirma, TalasliImalat, TalasliImalatAciklama, Tarih, YillikProfilSiparisiMiktar, YudaAcanKisi, YudaAcanKisi_id, YudaNo, YuzeyAhsap, YuzeyBoya, YuzeyEloksal, YuzeyPres, id, yudaonay
"GET /yudas/list?params=%7B%22page%22%3A1%2C%22size%22%3A7%2C%22filter%22%3A%5B%7B%22field%22%3A%22yudaNo%22%2C%22type%22%3A%22like%22%2C%22value%22%3A%2224-080%22%7D%5D%7D HTTP/1.1" 500 114817
Internal Server Error: /yudas/list
Traceback (most recent call last):
  File "C:\Users\beyza.ozkara\ArslanDjango\env\Lib\site-packages\django\core\handlers\exception.py", line 55, in inner
    response = get_response(request)
               ^^^^^^^^^^^^^^^^^^^^^
  File "C:\Users\beyza.ozkara\ArslanDjango\env\Lib\site-packages\django\core\handlers\base.py", line 197, in _get_response
    response = wrapped_callback(request, *callback_args, **callback_kwargs)
               ^^^^^^^^^^^^^^^^^^^^^^^^^^^^^^^^^^^^^^^^^^^^^^^^^^^^^^^^^^^^
  File "C:\Users\beyza.ozkara\ArslanDjango\env\ArslanProject\ArslanTakipApp\views.py", line 1204, in yudas_list
    filtered_yudas = y.filter(**q).order_by("-Tarih")
                     ^^^^^^^^^^^^^
  File "C:\Users\beyza.ozkara\ArslanDjango\env\Lib\site-packages\django\db\models\query.py", line 1436, in filter
    return self._filter_or_exclude(False, args, kwargs)
           ^^^^^^^^^^^^^^^^^^^^^^^^^^^^^^^^^^^^^^^^^^^^
  File "C:\Users\beyza.ozkara\ArslanDjango\env\Lib\site-packages\django\db\models\query.py", line 1454, in _filter_or_exclude
    clone._filter_or_exclude_inplace(negate, args, kwargs)
  File "C:\Users\beyza.ozkara\ArslanDjango\env\Lib\site-packages\django\db\models\query.py", line 1461, in _filter_or_exclude_inplace
    self._query.add_q(Q(*args, **kwargs))
  File "C:\Users\beyza.ozkara\ArslanDjango\env\Lib\site-packages\django\db\models\sql\query.py", line 1534, in add_q
    clause, _ = self._add_q(q_object, self.used_aliases)
                ^^^^^^^^^^^^^^^^^^^^^^^^^^^^^^^^^^^^^^^^
  File "C:\Users\beyza.ozkara\ArslanDjango\env\Lib\site-packages\django\db\models\sql\query.py", line 1565, in _add_q
    child_clause, needed_inner = self.build_filter(
                                 ^^^^^^^^^^^^^^^^^^
  File "C:\Users\beyza.ozkara\ArslanDjango\env\Lib\site-packages\django\db\models\sql\query.py", line 1415, in build_filter
    lookups, parts, reffed_expression = self.solve_lookup_type(arg, summarize)
                                        ^^^^^^^^^^^^^^^^^^^^^^^^^^^^^^^^^^^^^^
  File "C:\Users\beyza.ozkara\ArslanDjango\env\Lib\site-packages\django\db\models\sql\query.py", line 1225, in solve_lookup_type
    _, field, _, lookup_parts = self.names_to_path(lookup_splitted, self.get_meta())
                                ^^^^^^^^^^^^^^^^^^^^^^^^^^^^^^^^^^^^^^^^^^^^^^^^^^^^
  File "C:\Users\beyza.ozkara\ArslanDjango\env\Lib\site-packages\django\db\models\sql\query.py", line 1713, in names_to_path
    raise FieldError(
django.core.exceptions.FieldError: Cannot resolve keyword 'MusteriFirma' into field. Choices are: AlasimKondusyon, BirlikteCalisan, CizimNo, DinTolerans, KullanýmAlani, MATmax, MATmin, MetreAgirlikTalebi, MusteriFirmaAdi, MusteriOdemeVadesi, OnemliOlculer, Paketleme, PaketlemeAciklama, ProfilMiktarBirim, ProfilSip, ProjeYoneticisi, ProjeYoneticisi_id, RevTarih, Silindi, SonKullaniciFirma, TalasliImalat, TalasliImalatAciklama, Tarih, YillikProfilSiparisiMiktar, YudaAcanKisi, YudaAcanKisi_id, YudaNo, YuzeyAhsap, YuzeyBoya, YuzeyEloksal, YuzeyPres, id, yudaonay
"GET /yudas/list?params=%7B%22page%22%3A1%2C%22size%22%3A7%2C%22filter%22%3A%5B%7B%22field%22%3A%22MusteriFirma%22%2C%22type%22%3A%22like%22%2C%22value%22%3A%22av%22%7D%5D%7D HTTP/1.1" 500 114911
Internal Server Error: /yudas/list
Traceback (most recent call last):
  File "C:\Users\beyza.ozkara\ArslanDjango\env\Lib\site-packages\django\core\handlers\exception.py", line 55, in inner
    response = get_response(request)
               ^^^^^^^^^^^^^^^^^^^^^
  File "C:\Users\beyza.ozkara\ArslanDjango\env\Lib\site-packages\django\core\handlers\base.py", line 197, in _get_response
    response = wrapped_callback(request, *callback_args, **callback_kwargs)
               ^^^^^^^^^^^^^^^^^^^^^^^^^^^^^^^^^^^^^^^^^^^^^^^^^^^^^^^^^^^^
  File "C:\Users\beyza.ozkara\ArslanDjango\env\ArslanProject\ArslanTakipApp\views.py", line 1204, in yudas_list
    filtered_yudas = y.filter(**q).order_by("-Tarih")
                     ^^^^^^^^^^^^^
  File "C:\Users\beyza.ozkara\ArslanDjango\env\Lib\site-packages\django\db\models\query.py", line 1436, in filter
    return self._filter_or_exclude(False, args, kwargs)
           ^^^^^^^^^^^^^^^^^^^^^^^^^^^^^^^^^^^^^^^^^^^^
  File "C:\Users\beyza.ozkara\ArslanDjango\env\Lib\site-packages\django\db\models\query.py", line 1454, in _filter_or_exclude
    clone._filter_or_exclude_inplace(negate, args, kwargs)
  File "C:\Users\beyza.ozkara\ArslanDjango\env\Lib\site-packages\django\db\models\query.py", line 1461, in _filter_or_exclude_inplace
    self._query.add_q(Q(*args, **kwargs))
  File "C:\Users\beyza.ozkara\ArslanDjango\env\Lib\site-packages\django\db\models\sql\query.py", line 1534, in add_q
    clause, _ = self._add_q(q_object, self.used_aliases)
                ^^^^^^^^^^^^^^^^^^^^^^^^^^^^^^^^^^^^^^^^
  File "C:\Users\beyza.ozkara\ArslanDjango\env\Lib\site-packages\django\db\models\sql\query.py", line 1565, in _add_q
    child_clause, needed_inner = self.build_filter(
                                 ^^^^^^^^^^^^^^^^^^
  File "C:\Users\beyza.ozkara\ArslanDjango\env\Lib\site-packages\django\db\models\sql\query.py", line 1415, in build_filter
    lookups, parts, reffed_expression = self.solve_lookup_type(arg, summarize)
                                        ^^^^^^^^^^^^^^^^^^^^^^^^^^^^^^^^^^^^^^
  File "C:\Users\beyza.ozkara\ArslanDjango\env\Lib\site-packages\django\db\models\sql\query.py", line 1225, in solve_lookup_type
    _, field, _, lookup_parts = self.names_to_path(lookup_splitted, self.get_meta())
                                ^^^^^^^^^^^^^^^^^^^^^^^^^^^^^^^^^^^^^^^^^^^^^^^^^^^^
  File "C:\Users\beyza.ozkara\ArslanDjango\env\Lib\site-packages\django\db\models\sql\query.py", line 1713, in names_to_path
    raise FieldError(
django.core.exceptions.FieldError: Cannot resolve keyword 'MusteriFirma' into field. Choices are: AlasimKondusyon, BirlikteCalisan, CizimNo, DinTolerans, KullanýmAlani, MATmax, MATmin, MetreAgirlikTalebi, MusteriFirmaAdi, MusteriOdemeVadesi, OnemliOlculer, Paketleme, PaketlemeAciklama, ProfilMiktarBirim, ProfilSip, ProjeYoneticisi, ProjeYoneticisi_id, RevTarih, Silindi, SonKullaniciFirma, TalasliImalat, TalasliImalatAciklama, Tarih, YillikProfilSiparisiMiktar, YudaAcanKisi, YudaAcanKisi_id, YudaNo, YuzeyAhsap, YuzeyBoya, YuzeyEloksal, YuzeyPres, id, yudaonay
"GET /yudas/list?params=%7B%22page%22%3A1%2C%22size%22%3A7%2C%22filter%22%3A%5B%7B%22field%22%3A%22MusteriFirma%22%2C%22type%22%3A%22like%22%2C%22value%22%3A%22av%22%7D%2C%7B%22field%22%3A%22MusteriFirma%22%2C%22type%22%3A%22like%22%2C%22value%22%3A%22AV%22%7D%5D%7D HTTP/1.1" 500 115943
Internal Server Error: /yudas/list
Traceback (most recent call last):
  File "C:\Users\beyza.ozkara\ArslanDjango\env\Lib\site-packages\django\core\handlers\exception.py", line 55, in inner
    response = get_response(request)
               ^^^^^^^^^^^^^^^^^^^^^
  File "C:\Users\beyza.ozkara\ArslanDjango\env\Lib\site-packages\django\core\handlers\base.py", line 197, in _get_response
    response = wrapped_callback(request, *callback_args, **callback_kwargs)
               ^^^^^^^^^^^^^^^^^^^^^^^^^^^^^^^^^^^^^^^^^^^^^^^^^^^^^^^^^^^^
  File "C:\Users\beyza.ozkara\ArslanDjango\env\ArslanProject\ArslanTakipApp\views.py", line 1209, in yudas_list
    gr_perm = get_groups_with_perms(o, attach_perms=True)
              ^^^^^^^^^^^^^^^^^^^^^^^^^^^^^^^^^^^^^^^^^^^
  File "C:\Users\beyza.ozkara\ArslanDjango\env\Lib\site-packages\guardian\shortcuts.py", line 367, in get_groups_with_perms
    ctype = get_content_type(obj)
            ^^^^^^^^^^^^^^^^^^^^^
  File "C:\Users\beyza.ozkara\ArslanDjango\env\Lib\site-packages\guardian\ctypes.py", line 10, in get_content_type
    return get_content_type_function(obj)
           ^^^^^^^^^^^^^^^^^^^^^^^^^^^^^^
  File "C:\Users\beyza.ozkara\ArslanDjango\env\Lib\site-packages\guardian\ctypes.py", line 14, in get_default_content_type
    return ContentType.objects.get_for_model(obj)
           ^^^^^^^^^^^^^^^^^^^^^^^^^^^^^^^^^^^^^^
  File "C:\Users\beyza.ozkara\ArslanDjango\env\Lib\site-packages\django\contrib\contenttypes\models.py", line 41, in get_for_model
    opts = self._get_opts(model, for_concrete_model)
           ^^^^^^^^^^^^^^^^^^^^^^^^^^^^^^^^^^^^^^^^^
  File "C:\Users\beyza.ozkara\ArslanDjango\env\Lib\site-packages\django\contrib\contenttypes\models.py", line 28, in _get_opts
    model = model._meta.concrete_model
            ^^^^^^^^^^^
AttributeError: 'dict' object has no attribute '_meta'
"GET /yudas/list?params=%7B%22page%22%3A1%2C%22size%22%3A7%2C%22filter%22%3A%5B%5D%7D HTTP/1.1" 500 104866
Internal Server Error: /yudas/list
Traceback (most recent call last):
  File "C:\Users\beyza.ozkara\ArslanDjango\env\Lib\site-packages\django\core\handlers\exception.py", line 55, in inner
    response = get_response(request)
               ^^^^^^^^^^^^^^^^^^^^^
  File "C:\Users\beyza.ozkara\ArslanDjango\env\Lib\site-packages\django\core\handlers\base.py", line 197, in _get_response
    response = wrapped_callback(request, *callback_args, **callback_kwargs)
               ^^^^^^^^^^^^^^^^^^^^^^^^^^^^^^^^^^^^^^^^^^^^^^^^^^^^^^^^^^^^
  File "C:\Users\beyza.ozkara\ArslanDjango\env\ArslanProject\ArslanTakipApp\views.py", line 1209, in yudas_list
    gr_perm = get_groups_with_perms(y.get(id=o.id), attach_perms=True)
                                             ^^^^
AttributeError: 'dict' object has no attribute 'id'
"GET /yudas/list?params=%7B%22page%22%3A1%2C%22size%22%3A7%2C%22filter%22%3A%5B%5D%7D HTTP/1.1" 500 78669
Internal Server Error: /yudas/list
Traceback (most recent call last):
  File "C:\Users\beyza.ozkara\ArslanDjango\env\Lib\site-packages\django\core\handlers\exception.py", line 55, in inner
    response = get_response(request)
               ^^^^^^^^^^^^^^^^^^^^^
  File "C:\Users\beyza.ozkara\ArslanDjango\env\Lib\site-packages\django\core\handlers\base.py", line 197, in _get_response
    response = wrapped_callback(request, *callback_args, **callback_kwargs)
               ^^^^^^^^^^^^^^^^^^^^^^^^^^^^^^^^^^^^^^^^^^^^^^^^^^^^^^^^^^^^
  File "C:\Users\beyza.ozkara\ArslanDjango\env\ArslanProject\ArslanTakipApp\views.py", line 1209, in yudas_list
    gr_perm = get_groups_with_perms(y.filter(id=o.id), attach_perms=True)
                                                ^^^^
AttributeError: 'dict' object has no attribute 'id'
"GET /yudas/list?params=%7B%22page%22%3A1%2C%22size%22%3A7%2C%22filter%22%3A%5B%5D%7D HTTP/1.1" 500 78681
Internal Server Error: /yudas/list
Traceback (most recent call last):
  File "C:\Users\beyza.ozkara\ArslanDjango\env\Lib\site-packages\django\core\handlers\exception.py", line 55, in inner
    response = get_response(request)
               ^^^^^^^^^^^^^^^^^^^^^
  File "C:\Users\beyza.ozkara\ArslanDjango\env\Lib\site-packages\django\core\handlers\base.py", line 197, in _get_response
    response = wrapped_callback(request, *callback_args, **callback_kwargs)
               ^^^^^^^^^^^^^^^^^^^^^^^^^^^^^^^^^^^^^^^^^^^^^^^^^^^^^^^^^^^^
  File "C:\Users\beyza.ozkara\ArslanDjango\env\ArslanProject\ArslanTakipApp\views.py", line 1212, in yudas_list
    group_perms.push(gr_perm)
    ^^^^^^^^^^^^^^^^
AttributeError: 'list' object has no attribute 'push'
"GET /yudas/list?params=%7B%22page%22%3A1%2C%22size%22%3A7%2C%22filter%22%3A%5B%5D%7D HTTP/1.1" 500 79365
Internal Server Error: /yudas/list
Traceback (most recent call last):
  File "C:\Users\beyza.ozkara\ArslanDjango\env\Lib\site-packages\django\core\handlers\exception.py", line 55, in inner
    response = get_response(request)
               ^^^^^^^^^^^^^^^^^^^^^
  File "C:\Users\beyza.ozkara\ArslanDjango\env\Lib\site-packages\django\core\handlers\base.py", line 197, in _get_response
    response = wrapped_callback(request, *callback_args, **callback_kwargs)
               ^^^^^^^^^^^^^^^^^^^^^^^^^^^^^^^^^^^^^^^^^^^^^^^^^^^^^^^^^^^^
  File "C:\Users\beyza.ozkara\ArslanDjango\env\ArslanProject\ArslanTakipApp\views.py", line 1210, in yudas_list
    gr_perm = get_groups_with_perms(y.get(id=o['id']), attach_perms=True, only_with_perms_in=['gorme_yuda'])
              ^^^^^^^^^^^^^^^^^^^^^^^^^^^^^^^^^^^^^^^^^^^^^^^^^^^^^^^^^^^^^^^^^^^^^^^^^^^^^^^^^^^^^^^^^^^^^^
TypeError: get_groups_with_perms() got an unexpected keyword argument 'only_with_perms_in'
"GET /yudas/list?params=%7B%22page%22%3A1%2C%22size%22%3A7%2C%22filter%22%3A%5B%5D%7D HTTP/1.1" 500 79176
Internal Server Error: /yudas/list
Traceback (most recent call last):
  File "C:\Users\beyza.ozkara\ArslanDjango\env\Lib\site-packages\django\core\handlers\exception.py", line 55, in inner
    response = get_response(request)
               ^^^^^^^^^^^^^^^^^^^^^
  File "C:\Users\beyza.ozkara\ArslanDjango\env\Lib\site-packages\django\core\handlers\base.py", line 197, in _get_response
    response = wrapped_callback(request, *callback_args, **callback_kwargs)
               ^^^^^^^^^^^^^^^^^^^^^^^^^^^^^^^^^^^^^^^^^^^^^^^^^^^^^^^^^^^^
  File "C:\Users\beyza.ozkara\ArslanDjango\env\ArslanProject\ArslanTakipApp\views.py", line 1216, in yudas_list
    i[0]
    ~^^^
KeyError: 0
"GET /yudas/list?params=%7B%22page%22%3A1%2C%22size%22%3A7%2C%22filter%22%3A%5B%5D%7D HTTP/1.1" 500 80609
Internal Server Error: /yudas/list
Traceback (most recent call last):
  File "C:\Users\beyza.ozkara\ArslanDjango\env\Lib\site-packages\django\core\handlers\exception.py", line 55, in inner
    response = get_response(request)
               ^^^^^^^^^^^^^^^^^^^^^
  File "C:\Users\beyza.ozkara\ArslanDjango\env\Lib\site-packages\django\core\handlers\base.py", line 197, in _get_response
    response = wrapped_callback(request, *callback_args, **callback_kwargs)
               ^^^^^^^^^^^^^^^^^^^^^^^^^^^^^^^^^^^^^^^^^^^^^^^^^^^^^^^^^^^^
  File "C:\Users\beyza.ozkara\ArslanDjango\env\ArslanProject\ArslanTakipApp\views.py", line 1217, in yudas_list
    o['group'].append(j.name)
    ~^^^^^^^^^
KeyError: 'group'
"GET /yudas/list?params=%7B%22page%22%3A1%2C%22size%22%3A7%2C%22filter%22%3A%5B%5D%7D HTTP/1.1" 500 79260
Internal Server Error: /yudas/list
Traceback (most recent call last):
  File "C:\Users\beyza.ozkara\ArslanDjango\env\Lib\site-packages\django\core\handlers\exception.py", line 55, in inner
    response = get_response(request)
               ^^^^^^^^^^^^^^^^^^^^^
  File "C:\Users\beyza.ozkara\ArslanDjango\env\Lib\site-packages\django\core\handlers\base.py", line 197, in _get_response
    response = wrapped_callback(request, *callback_args, **callback_kwargs)
               ^^^^^^^^^^^^^^^^^^^^^^^^^^^^^^^^^^^^^^^^^^^^^^^^^^^^^^^^^^^^
  File "C:\Users\beyza.ozkara\ArslanDjango\env\ArslanProject\ArslanTakipApp\views.py", line 1217, in yudas_list
    o['group'].append(j.name)
    ~^^^^^^^^^
KeyError: 'group'
"GET /yudas/list?params=%7B%22page%22%3A1%2C%22size%22%3A7%2C%22filter%22%3A%5B%5D%7D HTTP/1.1" 500 79265
Internal Server Error: /yudas
Traceback (most recent call last):
  File "C:\Users\beyza.ozkara\ArslanDjango\env\Lib\site-packages\django\template\base.py", line 505, in parse
    compile_func = self.tags[command]
                   ~~~~~~~~~^^^^^^^^^
KeyError: 'endblock'

During handling of the above exception, another exception occurred:

Traceback (most recent call last):
  File "C:\Users\beyza.ozkara\ArslanDjango\env\Lib\site-packages\django\core\handlers\exception.py", line 55, in inner
    response = get_response(request)
               ^^^^^^^^^^^^^^^^^^^^^
  File "C:\Users\beyza.ozkara\ArslanDjango\env\Lib\site-packages\django\core\handlers\base.py", line 220, in _get_response
    response = response.render()
               ^^^^^^^^^^^^^^^^^
  File "C:\Users\beyza.ozkara\ArslanDjango\env\Lib\site-packages\django\template\response.py", line 114, in render
    self.content = self.rendered_content
                   ^^^^^^^^^^^^^^^^^^^^^
  File "C:\Users\beyza.ozkara\ArslanDjango\env\Lib\site-packages\django\template\response.py", line 90, in rendered_content
    template = self.resolve_template(self.template_name)
               ^^^^^^^^^^^^^^^^^^^^^^^^^^^^^^^^^^^^^^^^^
  File "C:\Users\beyza.ozkara\ArslanDjango\env\Lib\site-packages\django\template\response.py", line 72, in resolve_template
    return select_template(template, using=self.using)
           ^^^^^^^^^^^^^^^^^^^^^^^^^^^^^^^^^^^^^^^^^^^
  File "C:\Users\beyza.ozkara\ArslanDjango\env\Lib\site-packages\django\template\loader.py", line 42, in select_template
    return engine.get_template(template_name)
           ^^^^^^^^^^^^^^^^^^^^^^^^^^^^^^^^^^
  File "C:\Users\beyza.ozkara\ArslanDjango\env\Lib\site-packages\django\template\backends\django.py", line 33, in get_template
    return Template(self.engine.get_template(template_name), self)
                    ^^^^^^^^^^^^^^^^^^^^^^^^^^^^^^^^^^^^^^^
  File "C:\Users\beyza.ozkara\ArslanDjango\env\Lib\site-packages\django\template\engine.py", line 175, in get_template
    template, origin = self.find_template(template_name)
                       ^^^^^^^^^^^^^^^^^^^^^^^^^^^^^^^^^
  File "C:\Users\beyza.ozkara\ArslanDjango\env\Lib\site-packages\django\template\engine.py", line 157, in find_template
    template = loader.get_template(name, skip=skip)
               ^^^^^^^^^^^^^^^^^^^^^^^^^^^^^^^^^^^^
  File "C:\Users\beyza.ozkara\ArslanDjango\env\Lib\site-packages\django\template\loaders\cached.py", line 57, in get_template
    template = super().get_template(template_name, skip)
               ^^^^^^^^^^^^^^^^^^^^^^^^^^^^^^^^^^^^^^^^^
  File "C:\Users\beyza.ozkara\ArslanDjango\env\Lib\site-packages\django\template\loaders\base.py", line 28, in get_template
    return Template(
           ^^^^^^^^^
  File "C:\Users\beyza.ozkara\ArslanDjango\env\Lib\site-packages\django\template\base.py", line 154, in __init__
    self.nodelist = self.compile_nodelist()
                    ^^^^^^^^^^^^^^^^^^^^^^^
  File "C:\Users\beyza.ozkara\ArslanDjango\env\Lib\site-packages\django\template\base.py", line 200, in compile_nodelist
    return parser.parse()
           ^^^^^^^^^^^^^^
  File "C:\Users\beyza.ozkara\ArslanDjango\env\Lib\site-packages\django\template\base.py", line 513, in parse
    raise self.error(token, e)
  File "C:\Users\beyza.ozkara\ArslanDjango\env\Lib\site-packages\django\template\base.py", line 511, in parse
    compiled_result = compile_func(self, token)
                      ^^^^^^^^^^^^^^^^^^^^^^^^^
  File "C:\Users\beyza.ozkara\ArslanDjango\env\Lib\site-packages\django\template\loader_tags.py", line 293, in do_extends
    nodelist = parser.parse()
               ^^^^^^^^^^^^^^
  File "C:\Users\beyza.ozkara\ArslanDjango\env\Lib\site-packages\django\template\base.py", line 513, in parse
    raise self.error(token, e)
  File "C:\Users\beyza.ozkara\ArslanDjango\env\Lib\site-packages\django\template\base.py", line 511, in parse
    compiled_result = compile_func(self, token)
                      ^^^^^^^^^^^^^^^^^^^^^^^^^
  File "C:\Users\beyza.ozkara\ArslanDjango\env\Lib\site-packages\django\template\loader_tags.py", line 232, in do_block
    nodelist = parser.parse(("endblock",))
               ^^^^^^^^^^^^^^^^^^^^^^^^^^^
  File "C:\Users\beyza.ozkara\ArslanDjango\env\Lib\site-packages\django\template\base.py", line 513, in parse
    raise self.error(token, e)
  File "C:\Users\beyza.ozkara\ArslanDjango\env\Lib\site-packages\django\template\base.py", line 511, in parse
    compiled_result = compile_func(self, token)
                      ^^^^^^^^^^^^^^^^^^^^^^^^^
  File "C:\Users\beyza.ozkara\ArslanDjango\env\Lib\site-packages\django\template\defaulttags.py", line 853, in do_for
    nodelist_loop = parser.parse(
                    ^^^^^^^^^^^^^
  File "C:\Users\beyza.ozkara\ArslanDjango\env\Lib\site-packages\django\template\base.py", line 507, in parse
    self.invalid_block_tag(token, command, parse_until)
  File "C:\Users\beyza.ozkara\ArslanDjango\env\Lib\site-packages\django\template\base.py", line 558, in invalid_block_tag
    raise self.error(
django.template.exceptions.TemplateSyntaxError: Invalid block tag on line 310: 'endblock', expected 'empty' or 'endfor'. Did you forget to register or load this tag?
"GET /yudas HTTP/1.1" 500 198598
Internal Server Error: /yudas
Traceback (most recent call last):
  File "C:\Users\beyza.ozkara\ArslanDjango\env\Lib\site-packages\django\template\base.py", line 505, in parse
    compile_func = self.tags[command]
                   ~~~~~~~~~^^^^^^^^^
KeyError: 'endblock'

During handling of the above exception, another exception occurred:

Traceback (most recent call last):
  File "C:\Users\beyza.ozkara\ArslanDjango\env\Lib\site-packages\django\core\handlers\exception.py", line 55, in inner
    response = get_response(request)
               ^^^^^^^^^^^^^^^^^^^^^
  File "C:\Users\beyza.ozkara\ArslanDjango\env\Lib\site-packages\django\core\handlers\base.py", line 220, in _get_response
    response = response.render()
               ^^^^^^^^^^^^^^^^^
  File "C:\Users\beyza.ozkara\ArslanDjango\env\Lib\site-packages\django\template\response.py", line 114, in render
    self.content = self.rendered_content
                   ^^^^^^^^^^^^^^^^^^^^^
  File "C:\Users\beyza.ozkara\ArslanDjango\env\Lib\site-packages\django\template\response.py", line 90, in rendered_content
    template = self.resolve_template(self.template_name)
               ^^^^^^^^^^^^^^^^^^^^^^^^^^^^^^^^^^^^^^^^^
  File "C:\Users\beyza.ozkara\ArslanDjango\env\Lib\site-packages\django\template\response.py", line 72, in resolve_template
    return select_template(template, using=self.using)
           ^^^^^^^^^^^^^^^^^^^^^^^^^^^^^^^^^^^^^^^^^^^
  File "C:\Users\beyza.ozkara\ArslanDjango\env\Lib\site-packages\django\template\loader.py", line 42, in select_template
    return engine.get_template(template_name)
           ^^^^^^^^^^^^^^^^^^^^^^^^^^^^^^^^^^
  File "C:\Users\beyza.ozkara\ArslanDjango\env\Lib\site-packages\django\template\backends\django.py", line 33, in get_template
    return Template(self.engine.get_template(template_name), self)
                    ^^^^^^^^^^^^^^^^^^^^^^^^^^^^^^^^^^^^^^^
  File "C:\Users\beyza.ozkara\ArslanDjango\env\Lib\site-packages\django\template\engine.py", line 175, in get_template
    template, origin = self.find_template(template_name)
                       ^^^^^^^^^^^^^^^^^^^^^^^^^^^^^^^^^
  File "C:\Users\beyza.ozkara\ArslanDjango\env\Lib\site-packages\django\template\engine.py", line 157, in find_template
    template = loader.get_template(name, skip=skip)
               ^^^^^^^^^^^^^^^^^^^^^^^^^^^^^^^^^^^^
  File "C:\Users\beyza.ozkara\ArslanDjango\env\Lib\site-packages\django\template\loaders\cached.py", line 57, in get_template
    template = super().get_template(template_name, skip)
               ^^^^^^^^^^^^^^^^^^^^^^^^^^^^^^^^^^^^^^^^^
  File "C:\Users\beyza.ozkara\ArslanDjango\env\Lib\site-packages\django\template\loaders\base.py", line 28, in get_template
    return Template(
           ^^^^^^^^^
  File "C:\Users\beyza.ozkara\ArslanDjango\env\Lib\site-packages\django\template\base.py", line 154, in __init__
    self.nodelist = self.compile_nodelist()
                    ^^^^^^^^^^^^^^^^^^^^^^^
  File "C:\Users\beyza.ozkara\ArslanDjango\env\Lib\site-packages\django\template\base.py", line 200, in compile_nodelist
    return parser.parse()
           ^^^^^^^^^^^^^^
  File "C:\Users\beyza.ozkara\ArslanDjango\env\Lib\site-packages\django\template\base.py", line 513, in parse
    raise self.error(token, e)
  File "C:\Users\beyza.ozkara\ArslanDjango\env\Lib\site-packages\django\template\base.py", line 511, in parse
    compiled_result = compile_func(self, token)
                      ^^^^^^^^^^^^^^^^^^^^^^^^^
  File "C:\Users\beyza.ozkara\ArslanDjango\env\Lib\site-packages\django\template\loader_tags.py", line 293, in do_extends
    nodelist = parser.parse()
               ^^^^^^^^^^^^^^
  File "C:\Users\beyza.ozkara\ArslanDjango\env\Lib\site-packages\django\template\base.py", line 513, in parse
    raise self.error(token, e)
  File "C:\Users\beyza.ozkara\ArslanDjango\env\Lib\site-packages\django\template\base.py", line 511, in parse
    compiled_result = compile_func(self, token)
                      ^^^^^^^^^^^^^^^^^^^^^^^^^
  File "C:\Users\beyza.ozkara\ArslanDjango\env\Lib\site-packages\django\template\loader_tags.py", line 232, in do_block
    nodelist = parser.parse(("endblock",))
               ^^^^^^^^^^^^^^^^^^^^^^^^^^^
  File "C:\Users\beyza.ozkara\ArslanDjango\env\Lib\site-packages\django\template\base.py", line 513, in parse
    raise self.error(token, e)
  File "C:\Users\beyza.ozkara\ArslanDjango\env\Lib\site-packages\django\template\base.py", line 511, in parse
    compiled_result = compile_func(self, token)
                      ^^^^^^^^^^^^^^^^^^^^^^^^^
  File "C:\Users\beyza.ozkara\ArslanDjango\env\Lib\site-packages\django\template\defaulttags.py", line 853, in do_for
    nodelist_loop = parser.parse(
                    ^^^^^^^^^^^^^
  File "C:\Users\beyza.ozkara\ArslanDjango\env\Lib\site-packages\django\template\base.py", line 507, in parse
    self.invalid_block_tag(token, command, parse_until)
  File "C:\Users\beyza.ozkara\ArslanDjango\env\Lib\site-packages\django\template\base.py", line 558, in invalid_block_tag
    raise self.error(
django.template.exceptions.TemplateSyntaxError: Invalid block tag on line 172: 'endblock', expected 'empty' or 'endfor'. Did you forget to register or load this tag?
"GET /yudas HTTP/1.1" 500 201851
Internal Server Error: /yudas
Traceback (most recent call last):
  File "C:\Users\beyza.ozkara\ArslanDjango\env\Lib\site-packages\django\core\handlers\exception.py", line 55, in inner
    response = get_response(request)
               ^^^^^^^^^^^^^^^^^^^^^
  File "C:\Users\beyza.ozkara\ArslanDjango\env\Lib\site-packages\django\core\handlers\base.py", line 220, in _get_response
    response = response.render()
               ^^^^^^^^^^^^^^^^^
  File "C:\Users\beyza.ozkara\ArslanDjango\env\Lib\site-packages\django\template\response.py", line 114, in render
    self.content = self.rendered_content
                   ^^^^^^^^^^^^^^^^^^^^^
  File "C:\Users\beyza.ozkara\ArslanDjango\env\Lib\site-packages\django\template\response.py", line 90, in rendered_content
    template = self.resolve_template(self.template_name)
               ^^^^^^^^^^^^^^^^^^^^^^^^^^^^^^^^^^^^^^^^^
  File "C:\Users\beyza.ozkara\ArslanDjango\env\Lib\site-packages\django\template\response.py", line 72, in resolve_template
    return select_template(template, using=self.using)
           ^^^^^^^^^^^^^^^^^^^^^^^^^^^^^^^^^^^^^^^^^^^
  File "C:\Users\beyza.ozkara\ArslanDjango\env\Lib\site-packages\django\template\loader.py", line 42, in select_template
    return engine.get_template(template_name)
           ^^^^^^^^^^^^^^^^^^^^^^^^^^^^^^^^^^
  File "C:\Users\beyza.ozkara\ArslanDjango\env\Lib\site-packages\django\template\backends\django.py", line 33, in get_template
    return Template(self.engine.get_template(template_name), self)
                    ^^^^^^^^^^^^^^^^^^^^^^^^^^^^^^^^^^^^^^^
  File "C:\Users\beyza.ozkara\ArslanDjango\env\Lib\site-packages\django\template\engine.py", line 175, in get_template
    template, origin = self.find_template(template_name)
                       ^^^^^^^^^^^^^^^^^^^^^^^^^^^^^^^^^
  File "C:\Users\beyza.ozkara\ArslanDjango\env\Lib\site-packages\django\template\engine.py", line 157, in find_template
    template = loader.get_template(name, skip=skip)
               ^^^^^^^^^^^^^^^^^^^^^^^^^^^^^^^^^^^^
  File "C:\Users\beyza.ozkara\ArslanDjango\env\Lib\site-packages\django\template\loaders\cached.py", line 57, in get_template
    template = super().get_template(template_name, skip)
               ^^^^^^^^^^^^^^^^^^^^^^^^^^^^^^^^^^^^^^^^^
  File "C:\Users\beyza.ozkara\ArslanDjango\env\Lib\site-packages\django\template\loaders\base.py", line 28, in get_template
    return Template(
           ^^^^^^^^^
  File "C:\Users\beyza.ozkara\ArslanDjango\env\Lib\site-packages\django\template\base.py", line 154, in __init__
    self.nodelist = self.compile_nodelist()
                    ^^^^^^^^^^^^^^^^^^^^^^^
  File "C:\Users\beyza.ozkara\ArslanDjango\env\Lib\site-packages\django\template\base.py", line 200, in compile_nodelist
    return parser.parse()
           ^^^^^^^^^^^^^^
  File "C:\Users\beyza.ozkara\ArslanDjango\env\Lib\site-packages\django\template\base.py", line 513, in parse
    raise self.error(token, e)
  File "C:\Users\beyza.ozkara\ArslanDjango\env\Lib\site-packages\django\template\base.py", line 511, in parse
    compiled_result = compile_func(self, token)
                      ^^^^^^^^^^^^^^^^^^^^^^^^^
  File "C:\Users\beyza.ozkara\ArslanDjango\env\Lib\site-packages\django\template\loader_tags.py", line 293, in do_extends
    nodelist = parser.parse()
               ^^^^^^^^^^^^^^
  File "C:\Users\beyza.ozkara\ArslanDjango\env\Lib\site-packages\django\template\base.py", line 513, in parse
    raise self.error(token, e)
  File "C:\Users\beyza.ozkara\ArslanDjango\env\Lib\site-packages\django\template\base.py", line 511, in parse
    compiled_result = compile_func(self, token)
                      ^^^^^^^^^^^^^^^^^^^^^^^^^
  File "C:\Users\beyza.ozkara\ArslanDjango\env\Lib\site-packages\django\template\loader_tags.py", line 232, in do_block
    nodelist = parser.parse(("endblock",))
               ^^^^^^^^^^^^^^^^^^^^^^^^^^^
  File "C:\Users\beyza.ozkara\ArslanDjango\env\Lib\site-packages\django\template\base.py", line 513, in parse
    raise self.error(token, e)
  File "C:\Users\beyza.ozkara\ArslanDjango\env\Lib\site-packages\django\template\base.py", line 511, in parse
    compiled_result = compile_func(self, token)
                      ^^^^^^^^^^^^^^^^^^^^^^^^^
  File "C:\Users\beyza.ozkara\ArslanDjango\env\Lib\site-packages\django\template\defaulttags.py", line 852, in do_for
    sequence = parser.compile_filter(bits[in_index + 1])
               ^^^^^^^^^^^^^^^^^^^^^^^^^^^^^^^^^^^^^^^^^
  File "C:\Users\beyza.ozkara\ArslanDjango\env\Lib\site-packages\django\template\base.py", line 600, in compile_filter
    return FilterExpression(token, self)
           ^^^^^^^^^^^^^^^^^^^^^^^^^^^^^
  File "C:\Users\beyza.ozkara\ArslanDjango\env\Lib\site-packages\django\template\base.py", line 703, in __init__
    raise TemplateSyntaxError(
django.template.exceptions.TemplateSyntaxError: Could not parse the remainder: '${item.group}' from '${item.group}'
"GET /yudas HTTP/1.1" 500 196789
Internal Server Error: /yudas
Traceback (most recent call last):
  File "C:\Users\beyza.ozkara\ArslanDjango\env\Lib\site-packages\django\core\handlers\exception.py", line 55, in inner
    response = get_response(request)
               ^^^^^^^^^^^^^^^^^^^^^
  File "C:\Users\beyza.ozkara\ArslanDjango\env\Lib\site-packages\django\core\handlers\base.py", line 220, in _get_response
    response = response.render()
               ^^^^^^^^^^^^^^^^^
  File "C:\Users\beyza.ozkara\ArslanDjango\env\Lib\site-packages\django\template\response.py", line 114, in render
    self.content = self.rendered_content
                   ^^^^^^^^^^^^^^^^^^^^^
  File "C:\Users\beyza.ozkara\ArslanDjango\env\Lib\site-packages\django\template\response.py", line 90, in rendered_content
    template = self.resolve_template(self.template_name)
               ^^^^^^^^^^^^^^^^^^^^^^^^^^^^^^^^^^^^^^^^^
  File "C:\Users\beyza.ozkara\ArslanDjango\env\Lib\site-packages\django\template\response.py", line 72, in resolve_template
    return select_template(template, using=self.using)
           ^^^^^^^^^^^^^^^^^^^^^^^^^^^^^^^^^^^^^^^^^^^
  File "C:\Users\beyza.ozkara\ArslanDjango\env\Lib\site-packages\django\template\loader.py", line 42, in select_template
    return engine.get_template(template_name)
           ^^^^^^^^^^^^^^^^^^^^^^^^^^^^^^^^^^
  File "C:\Users\beyza.ozkara\ArslanDjango\env\Lib\site-packages\django\template\backends\django.py", line 33, in get_template
    return Template(self.engine.get_template(template_name), self)
                    ^^^^^^^^^^^^^^^^^^^^^^^^^^^^^^^^^^^^^^^
  File "C:\Users\beyza.ozkara\ArslanDjango\env\Lib\site-packages\django\template\engine.py", line 175, in get_template
    template, origin = self.find_template(template_name)
                       ^^^^^^^^^^^^^^^^^^^^^^^^^^^^^^^^^
  File "C:\Users\beyza.ozkara\ArslanDjango\env\Lib\site-packages\django\template\engine.py", line 157, in find_template
    template = loader.get_template(name, skip=skip)
               ^^^^^^^^^^^^^^^^^^^^^^^^^^^^^^^^^^^^
  File "C:\Users\beyza.ozkara\ArslanDjango\env\Lib\site-packages\django\template\loaders\cached.py", line 57, in get_template
    template = super().get_template(template_name, skip)
               ^^^^^^^^^^^^^^^^^^^^^^^^^^^^^^^^^^^^^^^^^
  File "C:\Users\beyza.ozkara\ArslanDjango\env\Lib\site-packages\django\template\loaders\base.py", line 28, in get_template
    return Template(
           ^^^^^^^^^
  File "C:\Users\beyza.ozkara\ArslanDjango\env\Lib\site-packages\django\template\base.py", line 154, in __init__
    self.nodelist = self.compile_nodelist()
                    ^^^^^^^^^^^^^^^^^^^^^^^
  File "C:\Users\beyza.ozkara\ArslanDjango\env\Lib\site-packages\django\template\base.py", line 200, in compile_nodelist
    return parser.parse()
           ^^^^^^^^^^^^^^
  File "C:\Users\beyza.ozkara\ArslanDjango\env\Lib\site-packages\django\template\base.py", line 513, in parse
    raise self.error(token, e)
  File "C:\Users\beyza.ozkara\ArslanDjango\env\Lib\site-packages\django\template\base.py", line 511, in parse
    compiled_result = compile_func(self, token)
                      ^^^^^^^^^^^^^^^^^^^^^^^^^
  File "C:\Users\beyza.ozkara\ArslanDjango\env\Lib\site-packages\django\template\loader_tags.py", line 293, in do_extends
    nodelist = parser.parse()
               ^^^^^^^^^^^^^^
  File "C:\Users\beyza.ozkara\ArslanDjango\env\Lib\site-packages\django\template\base.py", line 513, in parse
    raise self.error(token, e)
  File "C:\Users\beyza.ozkara\ArslanDjango\env\Lib\site-packages\django\template\base.py", line 511, in parse
    compiled_result = compile_func(self, token)
                      ^^^^^^^^^^^^^^^^^^^^^^^^^
  File "C:\Users\beyza.ozkara\ArslanDjango\env\Lib\site-packages\django\template\loader_tags.py", line 232, in do_block
    nodelist = parser.parse(("endblock",))
               ^^^^^^^^^^^^^^^^^^^^^^^^^^^
  File "C:\Users\beyza.ozkara\ArslanDjango\env\Lib\site-packages\django\template\base.py", line 513, in parse
    raise self.error(token, e)
  File "C:\Users\beyza.ozkara\ArslanDjango\env\Lib\site-packages\django\template\base.py", line 511, in parse
    compiled_result = compile_func(self, token)
                      ^^^^^^^^^^^^^^^^^^^^^^^^^
  File "C:\Users\beyza.ozkara\ArslanDjango\env\Lib\site-packages\django\template\defaulttags.py", line 852, in do_for
    sequence = parser.compile_filter(bits[in_index + 1])
               ^^^^^^^^^^^^^^^^^^^^^^^^^^^^^^^^^^^^^^^^^
  File "C:\Users\beyza.ozkara\ArslanDjango\env\Lib\site-packages\django\template\base.py", line 600, in compile_filter
    return FilterExpression(token, self)
           ^^^^^^^^^^^^^^^^^^^^^^^^^^^^^
  File "C:\Users\beyza.ozkara\ArslanDjango\env\Lib\site-packages\django\template\base.py", line 703, in __init__
    raise TemplateSyntaxError(
django.template.exceptions.TemplateSyntaxError: Could not parse the remainder: '${item.grup}' from '${item.grup}'
"GET /yudas HTTP/1.1" 500 196771
Internal Server Error: /yudas
Traceback (most recent call last):
  File "C:\Users\beyza.ozkara\ArslanDjango\env\Lib\site-packages\django\template\smartif.py", line 179, in translate_token
    op = OPERATORS[token]
         ~~~~~~~~~^^^^^^^
KeyError: '${item.ProjeYoneticisi}'

During handling of the above exception, another exception occurred:

Traceback (most recent call last):
  File "C:\Users\beyza.ozkara\ArslanDjango\env\Lib\site-packages\django\core\handlers\exception.py", line 55, in inner
    response = get_response(request)
               ^^^^^^^^^^^^^^^^^^^^^
  File "C:\Users\beyza.ozkara\ArslanDjango\env\Lib\site-packages\django\core\handlers\base.py", line 220, in _get_response
    response = response.render()
               ^^^^^^^^^^^^^^^^^
  File "C:\Users\beyza.ozkara\ArslanDjango\env\Lib\site-packages\django\template\response.py", line 114, in render
    self.content = self.rendered_content
                   ^^^^^^^^^^^^^^^^^^^^^
  File "C:\Users\beyza.ozkara\ArslanDjango\env\Lib\site-packages\django\template\response.py", line 90, in rendered_content
    template = self.resolve_template(self.template_name)
               ^^^^^^^^^^^^^^^^^^^^^^^^^^^^^^^^^^^^^^^^^
  File "C:\Users\beyza.ozkara\ArslanDjango\env\Lib\site-packages\django\template\response.py", line 72, in resolve_template
    return select_template(template, using=self.using)
           ^^^^^^^^^^^^^^^^^^^^^^^^^^^^^^^^^^^^^^^^^^^
  File "C:\Users\beyza.ozkara\ArslanDjango\env\Lib\site-packages\django\template\loader.py", line 42, in select_template
    return engine.get_template(template_name)
           ^^^^^^^^^^^^^^^^^^^^^^^^^^^^^^^^^^
  File "C:\Users\beyza.ozkara\ArslanDjango\env\Lib\site-packages\django\template\backends\django.py", line 33, in get_template
    return Template(self.engine.get_template(template_name), self)
                    ^^^^^^^^^^^^^^^^^^^^^^^^^^^^^^^^^^^^^^^
  File "C:\Users\beyza.ozkara\ArslanDjango\env\Lib\site-packages\django\template\engine.py", line 175, in get_template
    template, origin = self.find_template(template_name)
                       ^^^^^^^^^^^^^^^^^^^^^^^^^^^^^^^^^
  File "C:\Users\beyza.ozkara\ArslanDjango\env\Lib\site-packages\django\template\engine.py", line 157, in find_template
    template = loader.get_template(name, skip=skip)
               ^^^^^^^^^^^^^^^^^^^^^^^^^^^^^^^^^^^^
  File "C:\Users\beyza.ozkara\ArslanDjango\env\Lib\site-packages\django\template\loaders\cached.py", line 57, in get_template
    template = super().get_template(template_name, skip)
               ^^^^^^^^^^^^^^^^^^^^^^^^^^^^^^^^^^^^^^^^^
  File "C:\Users\beyza.ozkara\ArslanDjango\env\Lib\site-packages\django\template\loaders\base.py", line 28, in get_template
    return Template(
           ^^^^^^^^^
  File "C:\Users\beyza.ozkara\ArslanDjango\env\Lib\site-packages\django\template\base.py", line 154, in __init__
    self.nodelist = self.compile_nodelist()
                    ^^^^^^^^^^^^^^^^^^^^^^^
  File "C:\Users\beyza.ozkara\ArslanDjango\env\Lib\site-packages\django\template\base.py", line 200, in compile_nodelist
    return parser.parse()
           ^^^^^^^^^^^^^^
  File "C:\Users\beyza.ozkara\ArslanDjango\env\Lib\site-packages\django\template\base.py", line 513, in parse
    raise self.error(token, e)
  File "C:\Users\beyza.ozkara\ArslanDjango\env\Lib\site-packages\django\template\base.py", line 511, in parse
    compiled_result = compile_func(self, token)
                      ^^^^^^^^^^^^^^^^^^^^^^^^^
  File "C:\Users\beyza.ozkara\ArslanDjango\env\Lib\site-packages\django\template\loader_tags.py", line 293, in do_extends
    nodelist = parser.parse()
               ^^^^^^^^^^^^^^
  File "C:\Users\beyza.ozkara\ArslanDjango\env\Lib\site-packages\django\template\base.py", line 513, in parse
    raise self.error(token, e)
  File "C:\Users\beyza.ozkara\ArslanDjango\env\Lib\site-packages\django\template\base.py", line 511, in parse
    compiled_result = compile_func(self, token)
                      ^^^^^^^^^^^^^^^^^^^^^^^^^
  File "C:\Users\beyza.ozkara\ArslanDjango\env\Lib\site-packages\django\template\loader_tags.py", line 232, in do_block
    nodelist = parser.parse(("endblock",))
               ^^^^^^^^^^^^^^^^^^^^^^^^^^^
  File "C:\Users\beyza.ozkara\ArslanDjango\env\Lib\site-packages\django\template\base.py", line 513, in parse
    raise self.error(token, e)
  File "C:\Users\beyza.ozkara\ArslanDjango\env\Lib\site-packages\django\template\base.py", line 511, in parse
    compiled_result = compile_func(self, token)
                      ^^^^^^^^^^^^^^^^^^^^^^^^^
  File "C:\Users\beyza.ozkara\ArslanDjango\env\Lib\site-packages\django\template\defaulttags.py", line 952, in do_if
    condition = TemplateIfParser(parser, bits).parse()
                ^^^^^^^^^^^^^^^^^^^^^^^^^^^^^^
  File "C:\Users\beyza.ozkara\ArslanDjango\env\Lib\site-packages\django\template\defaulttags.py", line 885, in __init__
    super().__init__(*args, **kwargs)
  File "C:\Users\beyza.ozkara\ArslanDjango\env\Lib\site-packages\django\template\smartif.py", line 170, in __init__
    mapped_tokens.append(self.translate_token(token))
                         ^^^^^^^^^^^^^^^^^^^^^^^^^^^
  File "C:\Users\beyza.ozkara\ArslanDjango\env\Lib\site-packages\django\template\smartif.py", line 181, in translate_token
    return self.create_var(token)
           ^^^^^^^^^^^^^^^^^^^^^^
  File "C:\Users\beyza.ozkara\ArslanDjango\env\Lib\site-packages\django\template\defaulttags.py", line 888, in create_var
    return TemplateLiteral(self.template_parser.compile_filter(value), value)
                           ^^^^^^^^^^^^^^^^^^^^^^^^^^^^^^^^^^^^^^^^^^
  File "C:\Users\beyza.ozkara\ArslanDjango\env\Lib\site-packages\django\template\base.py", line 600, in compile_filter
    return FilterExpression(token, self)
           ^^^^^^^^^^^^^^^^^^^^^^^^^^^^^
  File "C:\Users\beyza.ozkara\ArslanDjango\env\Lib\site-packages\django\template\base.py", line 703, in __init__
    raise TemplateSyntaxError(
django.template.exceptions.TemplateSyntaxError: Could not parse the remainder: '${item.ProjeYoneticisi}' from '${item.ProjeYoneticisi}'
"GET /yudas HTTP/1.1" 500 217277
Internal Server Error: /yudas
Traceback (most recent call last):
  File "C:\Users\beyza.ozkara\ArslanDjango\env\Lib\site-packages\django\template\base.py", line 505, in parse
    compile_func = self.tags[command]
                   ~~~~~~~~~^^^^^^^^^
KeyError: 'endif'

During handling of the above exception, another exception occurred:

Traceback (most recent call last):
  File "C:\Users\beyza.ozkara\ArslanDjango\env\Lib\site-packages\django\core\handlers\exception.py", line 55, in inner
    response = get_response(request)
               ^^^^^^^^^^^^^^^^^^^^^
  File "C:\Users\beyza.ozkara\ArslanDjango\env\Lib\site-packages\django\core\handlers\base.py", line 220, in _get_response
    response = response.render()
               ^^^^^^^^^^^^^^^^^
  File "C:\Users\beyza.ozkara\ArslanDjango\env\Lib\site-packages\django\template\response.py", line 114, in render
    self.content = self.rendered_content
                   ^^^^^^^^^^^^^^^^^^^^^
  File "C:\Users\beyza.ozkara\ArslanDjango\env\Lib\site-packages\django\template\response.py", line 90, in rendered_content
    template = self.resolve_template(self.template_name)
               ^^^^^^^^^^^^^^^^^^^^^^^^^^^^^^^^^^^^^^^^^
  File "C:\Users\beyza.ozkara\ArslanDjango\env\Lib\site-packages\django\template\response.py", line 72, in resolve_template
    return select_template(template, using=self.using)
           ^^^^^^^^^^^^^^^^^^^^^^^^^^^^^^^^^^^^^^^^^^^
  File "C:\Users\beyza.ozkara\ArslanDjango\env\Lib\site-packages\django\template\loader.py", line 42, in select_template
    return engine.get_template(template_name)
           ^^^^^^^^^^^^^^^^^^^^^^^^^^^^^^^^^^
  File "C:\Users\beyza.ozkara\ArslanDjango\env\Lib\site-packages\django\template\backends\django.py", line 33, in get_template
    return Template(self.engine.get_template(template_name), self)
                    ^^^^^^^^^^^^^^^^^^^^^^^^^^^^^^^^^^^^^^^
  File "C:\Users\beyza.ozkara\ArslanDjango\env\Lib\site-packages\django\template\engine.py", line 175, in get_template
    template, origin = self.find_template(template_name)
                       ^^^^^^^^^^^^^^^^^^^^^^^^^^^^^^^^^
  File "C:\Users\beyza.ozkara\ArslanDjango\env\Lib\site-packages\django\template\engine.py", line 157, in find_template
    template = loader.get_template(name, skip=skip)
               ^^^^^^^^^^^^^^^^^^^^^^^^^^^^^^^^^^^^
  File "C:\Users\beyza.ozkara\ArslanDjango\env\Lib\site-packages\django\template\loaders\cached.py", line 57, in get_template
    template = super().get_template(template_name, skip)
               ^^^^^^^^^^^^^^^^^^^^^^^^^^^^^^^^^^^^^^^^^
  File "C:\Users\beyza.ozkara\ArslanDjango\env\Lib\site-packages\django\template\loaders\base.py", line 28, in get_template
    return Template(
           ^^^^^^^^^
  File "C:\Users\beyza.ozkara\ArslanDjango\env\Lib\site-packages\django\template\base.py", line 154, in __init__
    self.nodelist = self.compile_nodelist()
                    ^^^^^^^^^^^^^^^^^^^^^^^
  File "C:\Users\beyza.ozkara\ArslanDjango\env\Lib\site-packages\django\template\base.py", line 200, in compile_nodelist
    return parser.parse()
           ^^^^^^^^^^^^^^
  File "C:\Users\beyza.ozkara\ArslanDjango\env\Lib\site-packages\django\template\base.py", line 513, in parse
    raise self.error(token, e)
  File "C:\Users\beyza.ozkara\ArslanDjango\env\Lib\site-packages\django\template\base.py", line 511, in parse
    compiled_result = compile_func(self, token)
                      ^^^^^^^^^^^^^^^^^^^^^^^^^
  File "C:\Users\beyza.ozkara\ArslanDjango\env\Lib\site-packages\django\template\loader_tags.py", line 293, in do_extends
    nodelist = parser.parse()
               ^^^^^^^^^^^^^^
  File "C:\Users\beyza.ozkara\ArslanDjango\env\Lib\site-packages\django\template\base.py", line 513, in parse
    raise self.error(token, e)
  File "C:\Users\beyza.ozkara\ArslanDjango\env\Lib\site-packages\django\template\base.py", line 511, in parse
    compiled_result = compile_func(self, token)
                      ^^^^^^^^^^^^^^^^^^^^^^^^^
  File "C:\Users\beyza.ozkara\ArslanDjango\env\Lib\site-packages\django\template\loader_tags.py", line 232, in do_block
    nodelist = parser.parse(("endblock",))
               ^^^^^^^^^^^^^^^^^^^^^^^^^^^
  File "C:\Users\beyza.ozkara\ArslanDjango\env\Lib\site-packages\django\template\base.py", line 507, in parse
    self.invalid_block_tag(token, command, parse_until)
  File "C:\Users\beyza.ozkara\ArslanDjango\env\Lib\site-packages\django\template\base.py", line 558, in invalid_block_tag
    raise self.error(
django.template.exceptions.TemplateSyntaxError: Invalid block tag on line 196: 'endif', expected 'endblock'. Did you forget to register or load this tag?
"GET /yudas HTTP/1.1" 500 184865
